{"/Users/matatjahu/Documents/AsyncAPI/parser-js/lib/index.js":{"path":"/Users/matatjahu/Documents/AsyncAPI/parser-js/lib/index.js","statementMap":{"0":{"start":{"line":1,"column":15},"end":{"line":1,"column":34}},"1":{"start":{"line":2,"column":36},"end":{"line":2,"column":75}},"2":{"start":{"line":4,"column":0},"end":{"line":4,"column":57}},"3":{"start":{"line":6,"column":0},"end":{"line":6,"column":24}}},"fnMap":{},"branchMap":{},"s":{"0":1,"1":1,"2":1,"3":1},"f":{},"b":{},"_coverageSchema":"1a1c01bbd47fc00a2c39e90264f33305004495a9","hash":"66162f9f2d72eef368e9390fd57e92f4f68b7122","contentHash":"57de89a76965cbd2b0a69b49fc9cdac552103de7ea97757d4a7ffa118f13ef7d"},"/Users/matatjahu/Documents/AsyncAPI/parser-js/lib/parser.js":{"path":"/Users/matatjahu/Documents/AsyncAPI/parser-js/lib/parser.js","statementMap":{"0":{"start":{"line":1,"column":13},"end":{"line":1,"column":28}},"1":{"start":{"line":2,"column":14},"end":{"line":2,"column":35}},"2":{"start":{"line":3,"column":12},"end":{"line":3,"column":26}},"3":{"start":{"line":4,"column":17},"end":{"line":4,"column":43}},"4":{"start":{"line":5,"column":19},"end":{"line":5,"column":65}},"5":{"start":{"line":6,"column":19},"end":{"line":6,"column":52}},"6":{"start":{"line":7,"column":20},"end":{"line":7,"column":52}},"7":{"start":{"line":8,"column":132},"end":{"line":8,"column":164}},"8":{"start":{"line":16,"column":4},"end":{"line":16,"column":22}},"9":{"start":{"line":17,"column":25},"end":{"line":17,"column":53}},"10":{"start":{"line":19,"column":19},"end":{"line":19,"column":43}},"11":{"start":{"line":21,"column":31},"end":{"line":21,"column":58}},"12":{"start":{"line":22,"column":16},"end":{"line":22,"column":18}},"13":{"start":{"line":23,"column":22},"end":{"line":23,"column":41}},"14":{"start":{"line":24,"column":29},"end":{"line":24,"column":54}},"15":{"start":{"line":26,"column":12},"end":{"line":32,"column":2}},"16":{"start":{"line":33,"column":0},"end":{"line":33,"column":69}},"17":{"start":{"line":38,"column":0},"end":{"line":44,"column":2}},"18":{"start":{"line":66,"column":2},"end":{"line":70,"column":3}},"19":{"start":{"line":67,"column":4},"end":{"line":67,"column":52}},"20":{"start":{"line":69,"column":4},"end":{"line":69,"column":65}},"21":{"start":{"line":72,"column":2},"end":{"line":129,"column":3}},"22":{"start":{"line":73,"column":4},"end":{"line":73,"column":63}},"23":{"start":{"line":75,"column":4},"end":{"line":81,"column":5}},"24":{"start":{"line":76,"column":6},"end":{"line":80,"column":9}},"25":{"start":{"line":83,"column":4},"end":{"line":89,"column":5}},"26":{"start":{"line":84,"column":6},"end":{"line":88,"column":9}},"27":{"start":{"line":91,"column":4},"end":{"line":99,"column":5}},"28":{"start":{"line":92,"column":6},"end":{"line":98,"column":9}},"29":{"start":{"line":101,"column":4},"end":{"line":101,"column":70}},"30":{"start":{"line":101,"column":43},"end":{"line":101,"column":70}},"31":{"start":{"line":103,"column":22},"end":{"line":103,"column":36}},"32":{"start":{"line":107,"column":4},"end":{"line":107,"column":133}},"33":{"start":{"line":109,"column":21},"end":{"line":109,"column":54}},"34":{"start":{"line":110,"column":18},"end":{"line":110,"column":38}},"35":{"start":{"line":111,"column":19},"end":{"line":111,"column":58}},"36":{"start":{"line":113,"column":4},"end":{"line":118,"column":7}},"37":{"start":{"line":113,"column":16},"end":{"line":118,"column":7}},"38":{"start":{"line":120,"column":4},"end":{"line":120,"column":91}},"39":{"start":{"line":121,"column":4},"end":{"line":121,"column":126}},"40":{"start":{"line":121,"column":34},"end":{"line":121,"column":126}},"41":{"start":{"line":123,"column":4},"end":{"line":123,"column":42}},"42":{"start":{"line":123,"column":34},"end":{"line":123,"column":42}},"43":{"start":{"line":124,"column":4},"end":{"line":128,"column":7}},"44":{"start":{"line":131,"column":2},"end":{"line":131,"column":42}},"45":{"start":{"line":146,"column":2},"end":{"line":146,"column":39}},"46":{"start":{"line":146,"column":21},"end":{"line":146,"column":39}},"47":{"start":{"line":148,"column":2},"end":{"line":150,"column":3}},"48":{"start":{"line":149,"column":4},"end":{"line":149,"column":52}},"49":{"start":{"line":152,"column":2},"end":{"line":164,"column":5}},"50":{"start":{"line":153,"column":4},"end":{"line":163,"column":9}},"51":{"start":{"line":154,"column":19},"end":{"line":154,"column":29}},"52":{"start":{"line":155,"column":19},"end":{"line":155,"column":38}},"53":{"start":{"line":156,"column":22},"end":{"line":156,"column":37}},"54":{"start":{"line":158,"column":8},"end":{"line":158,"column":55}},"55":{"start":{"line":158,"column":38},"end":{"line":158,"column":55}},"56":{"start":{"line":159,"column":8},"end":{"line":162,"column":12}},"57":{"start":{"line":168,"column":2},"end":{"line":182,"column":3}},"58":{"start":{"line":169,"column":4},"end":{"line":174,"column":7}},"59":{"start":{"line":176,"column":4},"end":{"line":181,"column":7}},"60":{"start":{"line":190,"column":2},"end":{"line":190,"column":127}},"61":{"start":{"line":192,"column":2},"end":{"line":192,"column":43}},"62":{"start":{"line":203,"column":17},"end":{"line":203,"column":39}},"63":{"start":{"line":204,"column":2},"end":{"line":211,"column":3}},"64":{"start":{"line":205,"column":27},"end":{"line":205,"column":52}},"65":{"start":{"line":207,"column":4},"end":{"line":207,"column":80}},"66":{"start":{"line":208,"column":4},"end":{"line":208,"column":80}},"67":{"start":{"line":209,"column":4},"end":{"line":209,"column":43}},"68":{"start":{"line":210,"column":4},"end":{"line":210,"column":38}},"69":{"start":{"line":212,"column":2},"end":{"line":212,"column":18}},"70":{"start":{"line":216,"column":2},"end":{"line":216,"column":73}},"71":{"start":{"line":217,"column":2},"end":{"line":217,"column":96}},"72":{"start":{"line":219,"column":2},"end":{"line":219,"column":35}},"73":{"start":{"line":219,"column":28},"end":{"line":219,"column":35}},"74":{"start":{"line":221,"column":2},"end":{"line":221,"column":62}},"75":{"start":{"line":222,"column":2},"end":{"line":222,"column":66}},"76":{"start":{"line":223,"column":2},"end":{"line":223,"column":81}},"77":{"start":{"line":224,"column":2},"end":{"line":224,"column":79}},"78":{"start":{"line":226,"column":2},"end":{"line":226,"column":94}},"79":{"start":{"line":227,"column":2},"end":{"line":227,"column":89}},"80":{"start":{"line":232,"column":2},"end":{"line":232,"column":88}},"81":{"start":{"line":232,"column":81},"end":{"line":232,"column":88}},"82":{"start":{"line":233,"column":30},"end":{"line":233,"column":85}},"83":{"start":{"line":234,"column":23},"end":{"line":234,"column":62}},"84":{"start":{"line":236,"column":2},"end":{"line":244,"column":5}},"85":{"start":{"line":246,"column":2},"end":{"line":246,"column":41}},"86":{"start":{"line":247,"column":2},"end":{"line":247,"column":43}},"87":{"start":{"line":256,"column":2},"end":{"line":262,"column":7}},"88":{"start":{"line":259,"column":4},"end":{"line":262,"column":7}},"89":{"start":{"line":264,"column":2},"end":{"line":266,"column":5}},"90":{"start":{"line":265,"column":4},"end":{"line":265,"column":55}},"91":{"start":{"line":270,"column":2},"end":{"line":279,"column":3}},"92":{"start":{"line":271,"column":4},"end":{"line":275,"column":5}},"93":{"start":{"line":272,"column":6},"end":{"line":274,"column":7}},"94":{"start":{"line":273,"column":8},"end":{"line":273,"column":74}},"95":{"start":{"line":277,"column":4},"end":{"line":277,"column":47}},"96":{"start":{"line":278,"column":4},"end":{"line":278,"column":21}},"97":{"start":{"line":293,"column":24},"end":{"line":293,"column":26}},"98":{"start":{"line":294,"column":2},"end":{"line":309,"column":5}},"99":{"start":{"line":295,"column":4},"end":{"line":308,"column":8}},"100":{"start":{"line":296,"column":17},"end":{"line":296,"column":40}},"101":{"start":{"line":297,"column":6},"end":{"line":297,"column":22}},"102":{"start":{"line":297,"column":15},"end":{"line":297,"column":22}},"103":{"start":{"line":299,"column":23},"end":{"line":299,"column":75}},"104":{"start":{"line":300,"column":6},"end":{"line":303,"column":7}},"105":{"start":{"line":301,"column":8},"end":{"line":301,"column":24}},"106":{"start":{"line":302,"column":8},"end":{"line":302,"column":46}},"107":{"start":{"line":302,"column":30},"end":{"line":302,"column":44}},"108":{"start":{"line":304,"column":28},"end":{"line":304,"column":80}},"109":{"start":{"line":305,"column":6},"end":{"line":307,"column":7}},"110":{"start":{"line":306,"column":8},"end":{"line":306,"column":105}},"111":{"start":{"line":310,"column":2},"end":{"line":310,"column":35}},"112":{"start":{"line":324,"column":2},"end":{"line":324,"column":72}},"113":{"start":{"line":324,"column":65},"end":{"line":324,"column":72}},"114":{"start":{"line":326,"column":24},"end":{"line":326,"column":26}},"115":{"start":{"line":328,"column":2},"end":{"line":334,"column":5}},"116":{"start":{"line":329,"column":4},"end":{"line":331,"column":5}},"117":{"start":{"line":330,"column":6},"end":{"line":330,"column":27}},"118":{"start":{"line":332,"column":26},"end":{"line":332,"column":71}},"119":{"start":{"line":333,"column":4},"end":{"line":333,"column":121}},"120":{"start":{"line":336,"column":2},"end":{"line":336,"column":35}}},"fnMap":{"0":{"name":"parse","decl":{"start":{"line":62,"column":15},"end":{"line":62,"column":20}},"loc":{"start":{"line":62,"column":55},"end":{"line":132,"column":1}},"line":62},"1":{"name":"parseFromUrl","decl":{"start":{"line":142,"column":9},"end":{"line":142,"column":21}},"loc":{"start":{"line":142,"column":55},"end":{"line":165,"column":1}},"line":142},"2":{"name":"(anonymous_2)","decl":{"start":{"line":152,"column":21},"end":{"line":152,"column":22}},"loc":{"start":{"line":152,"column":42},"end":{"line":164,"column":3}},"line":152},"3":{"name":"(anonymous_3)","decl":{"start":{"line":154,"column":12},"end":{"line":154,"column":13}},"loc":{"start":{"line":154,"column":19},"end":{"line":154,"column":29}},"line":154},"4":{"name":"(anonymous_4)","decl":{"start":{"line":155,"column":12},"end":{"line":155,"column":13}},"loc":{"start":{"line":155,"column":19},"end":{"line":155,"column":38}},"line":155},"5":{"name":"(anonymous_5)","decl":{"start":{"line":156,"column":12},"end":{"line":156,"column":13}},"loc":{"start":{"line":156,"column":22},"end":{"line":156,"column":37}},"line":156},"6":{"name":"(anonymous_6)","decl":{"start":{"line":157,"column":13},"end":{"line":157,"column":14}},"loc":{"start":{"line":157,"column":18},"end":{"line":163,"column":7}},"line":157},"7":{"name":"dereference","decl":{"start":{"line":167,"column":15},"end":{"line":167,"column":26}},"loc":{"start":{"line":167,"column":94},"end":{"line":183,"column":1}},"line":167},"8":{"name":"handleCircularRefs","decl":{"start":{"line":189,"column":15},"end":{"line":189,"column":33}},"loc":{"start":{"line":189,"column":101},"end":{"line":193,"column":1}},"line":189},"9":{"name":"getValidator","decl":{"start":{"line":202,"column":9},"end":{"line":202,"column":21}},"loc":{"start":{"line":202,"column":31},"end":{"line":213,"column":1}},"line":202},"10":{"name":"customDocumentOperations","decl":{"start":{"line":215,"column":15},"end":{"line":215,"column":39}},"loc":{"start":{"line":215,"column":96},"end":{"line":228,"column":1}},"line":215},"11":{"name":"validateAndConvertMessage","decl":{"start":{"line":230,"column":15},"end":{"line":230,"column":40}},"loc":{"start":{"line":230,"column":123},"end":{"line":248,"column":1}},"line":230},"12":{"name":"registerSchemaParser","decl":{"start":{"line":255,"column":9},"end":{"line":255,"column":29}},"loc":{"start":{"line":255,"column":44},"end":{"line":267,"column":1}},"line":255},"13":{"name":"(anonymous_13)","decl":{"start":{"line":264,"column":38},"end":{"line":264,"column":39}},"loc":{"start":{"line":264,"column":56},"end":{"line":266,"column":3}},"line":264},"14":{"name":"applyTraits","decl":{"start":{"line":269,"column":9},"end":{"line":269,"column":20}},"loc":{"start":{"line":269,"column":25},"end":{"line":280,"column":1}},"line":269},"15":{"name":"customChannelsOperations","decl":{"start":{"line":292,"column":15},"end":{"line":292,"column":39}},"loc":{"start":{"line":292,"column":96},"end":{"line":311,"column":1}},"line":292},"16":{"name":"(anonymous_16)","decl":{"start":{"line":294,"column":46},"end":{"line":294,"column":47}},"loc":{"start":{"line":294,"column":74},"end":{"line":309,"column":3}},"line":294},"17":{"name":"(anonymous_17)","decl":{"start":{"line":295,"column":41},"end":{"line":295,"column":42}},"loc":{"start":{"line":295,"column":59},"end":{"line":308,"column":5}},"line":295},"18":{"name":"(anonymous_18)","decl":{"start":{"line":302,"column":25},"end":{"line":302,"column":26}},"loc":{"start":{"line":302,"column":30},"end":{"line":302,"column":44}},"line":302},"19":{"name":"customComponentsMsgOperations","decl":{"start":{"line":323,"column":15},"end":{"line":323,"column":44}},"loc":{"start":{"line":323,"column":101},"end":{"line":337,"column":1}},"line":323},"20":{"name":"(anonymous_20)","decl":{"start":{"line":328,"column":57},"end":{"line":328,"column":58}},"loc":{"start":{"line":328,"column":85},"end":{"line":334,"column":3}},"line":328}},"branchMap":{"0":{"loc":{"start":{"line":62,"column":41},"end":{"line":62,"column":53}},"type":"default-arg","locations":[{"start":{"line":62,"column":51},"end":{"line":62,"column":53}}],"line":62},"1":{"loc":{"start":{"line":66,"column":2},"end":{"line":70,"column":3}},"type":"if","locations":[{"start":{"line":66,"column":2},"end":{"line":70,"column":3}},{"start":{"line":66,"column":2},"end":{"line":70,"column":3}}],"line":66},"2":{"loc":{"start":{"line":66,"column":6},"end":{"line":66,"column":70}},"type":"binary-expr","locations":[{"start":{"line":66,"column":6},"end":{"line":66,"column":35}},{"start":{"line":66,"column":39},"end":{"line":66,"column":70}}],"line":66},"3":{"loc":{"start":{"line":69,"column":19},"end":{"line":69,"column":64}},"type":"binary-expr","locations":[{"start":{"line":69,"column":19},"end":{"line":69,"column":31}},{"start":{"line":69,"column":35},"end":{"line":69,"column":64}}],"line":69},"4":{"loc":{"start":{"line":75,"column":4},"end":{"line":81,"column":5}},"type":"if","locations":[{"start":{"line":75,"column":4},"end":{"line":81,"column":5}},{"start":{"line":75,"column":4},"end":{"line":81,"column":5}}],"line":75},"5":{"loc":{"start":{"line":83,"column":4},"end":{"line":89,"column":5}},"type":"if","locations":[{"start":{"line":83,"column":4},"end":{"line":89,"column":5}},{"start":{"line":83,"column":4},"end":{"line":89,"column":5}}],"line":83},"6":{"loc":{"start":{"line":91,"column":4},"end":{"line":99,"column":5}},"type":"if","locations":[{"start":{"line":91,"column":4},"end":{"line":99,"column":5}},{"start":{"line":91,"column":4},"end":{"line":99,"column":5}}],"line":91},"7":{"loc":{"start":{"line":91,"column":8},"end":{"line":91,"column":78}},"type":"binary-expr","locations":[{"start":{"line":91,"column":8},"end":{"line":91,"column":44}},{"start":{"line":91,"column":48},"end":{"line":91,"column":78}}],"line":91},"8":{"loc":{"start":{"line":101,"column":4},"end":{"line":101,"column":70}},"type":"if","locations":[{"start":{"line":101,"column":4},"end":{"line":101,"column":70}},{"start":{"line":101,"column":4},"end":{"line":101,"column":70}}],"line":101},"9":{"loc":{"start":{"line":111,"column":19},"end":{"line":111,"column":58}},"type":"binary-expr","locations":[{"start":{"line":111,"column":19},"end":{"line":111,"column":34}},{"start":{"line":111,"column":38},"end":{"line":111,"column":58}}],"line":111},"10":{"loc":{"start":{"line":113,"column":4},"end":{"line":118,"column":7}},"type":"if","locations":[{"start":{"line":113,"column":4},"end":{"line":118,"column":7}},{"start":{"line":113,"column":4},"end":{"line":118,"column":7}}],"line":113},"11":{"loc":{"start":{"line":121,"column":4},"end":{"line":121,"column":126}},"type":"if","locations":[{"start":{"line":121,"column":4},"end":{"line":121,"column":126}},{"start":{"line":121,"column":4},"end":{"line":121,"column":126}}],"line":121},"12":{"loc":{"start":{"line":123,"column":4},"end":{"line":123,"column":42}},"type":"if","locations":[{"start":{"line":123,"column":4},"end":{"line":123,"column":42}},{"start":{"line":123,"column":4},"end":{"line":123,"column":42}}],"line":123},"13":{"loc":{"start":{"line":142,"column":41},"end":{"line":142,"column":53}},"type":"default-arg","locations":[{"start":{"line":142,"column":51},"end":{"line":142,"column":53}}],"line":142},"14":{"loc":{"start":{"line":146,"column":2},"end":{"line":146,"column":39}},"type":"if","locations":[{"start":{"line":146,"column":2},"end":{"line":146,"column":39}},{"start":{"line":146,"column":2},"end":{"line":146,"column":39}}],"line":146},"15":{"loc":{"start":{"line":148,"column":2},"end":{"line":150,"column":3}},"type":"if","locations":[{"start":{"line":148,"column":2},"end":{"line":150,"column":3}},{"start":{"line":148,"column":2},"end":{"line":150,"column":3}}],"line":148},"16":{"loc":{"start":{"line":158,"column":8},"end":{"line":158,"column":55}},"type":"if","locations":[{"start":{"line":158,"column":8},"end":{"line":158,"column":55}},{"start":{"line":158,"column":8},"end":{"line":158,"column":55}}],"line":158},"17":{"loc":{"start":{"line":204,"column":2},"end":{"line":211,"column":3}},"type":"if","locations":[{"start":{"line":204,"column":2},"end":{"line":211,"column":3}},{"start":{"line":204,"column":2},"end":{"line":211,"column":3}}],"line":204},"18":{"loc":{"start":{"line":219,"column":2},"end":{"line":219,"column":35}},"type":"if","locations":[{"start":{"line":219,"column":2},"end":{"line":219,"column":35}},{"start":{"line":219,"column":2},"end":{"line":219,"column":35}}],"line":219},"19":{"loc":{"start":{"line":232,"column":2},"end":{"line":232,"column":88}},"type":"if","locations":[{"start":{"line":232,"column":2},"end":{"line":232,"column":88}},{"start":{"line":232,"column":2},"end":{"line":232,"column":88}}],"line":232},"20":{"loc":{"start":{"line":232,"column":6},"end":{"line":232,"column":79}},"type":"binary-expr","locations":[{"start":{"line":232,"column":6},"end":{"line":232,"column":33}},{"start":{"line":232,"column":37},"end":{"line":232,"column":79}}],"line":232},"21":{"loc":{"start":{"line":234,"column":23},"end":{"line":234,"column":62}},"type":"binary-expr","locations":[{"start":{"line":234,"column":23},"end":{"line":234,"column":39}},{"start":{"line":234,"column":43},"end":{"line":234,"column":62}}],"line":234},"22":{"loc":{"start":{"line":256,"column":2},"end":{"line":262,"column":7}},"type":"if","locations":[{"start":{"line":256,"column":2},"end":{"line":262,"column":7}},{"start":{"line":256,"column":2},"end":{"line":262,"column":7}}],"line":256},"23":{"loc":{"start":{"line":256,"column":6},"end":{"line":258,"column":56}},"type":"binary-expr","locations":[{"start":{"line":256,"column":6},"end":{"line":256,"column":38}},{"start":{"line":257,"column":9},"end":{"line":257,"column":49}},{"start":{"line":258,"column":9},"end":{"line":258,"column":56}}],"line":256},"24":{"loc":{"start":{"line":270,"column":2},"end":{"line":279,"column":3}},"type":"if","locations":[{"start":{"line":270,"column":2},"end":{"line":279,"column":3}},{"start":{"line":270,"column":2},"end":{"line":279,"column":3}}],"line":270},"25":{"loc":{"start":{"line":297,"column":6},"end":{"line":297,"column":22}},"type":"if","locations":[{"start":{"line":297,"column":6},"end":{"line":297,"column":22}},{"start":{"line":297,"column":6},"end":{"line":297,"column":22}}],"line":297},"26":{"loc":{"start":{"line":299,"column":23},"end":{"line":299,"column":75}},"type":"cond-expr","locations":[{"start":{"line":299,"column":37},"end":{"line":299,"column":69}},{"start":{"line":299,"column":73},"end":{"line":299,"column":75}}],"line":299},"27":{"loc":{"start":{"line":299,"column":37},"end":{"line":299,"column":69}},"type":"binary-expr","locations":[{"start":{"line":299,"column":37},"end":{"line":299,"column":53}},{"start":{"line":299,"column":57},"end":{"line":299,"column":69}}],"line":299},"28":{"loc":{"start":{"line":300,"column":6},"end":{"line":303,"column":7}},"type":"if","locations":[{"start":{"line":300,"column":6},"end":{"line":303,"column":7}},{"start":{"line":300,"column":6},"end":{"line":303,"column":7}}],"line":300},"29":{"loc":{"start":{"line":324,"column":2},"end":{"line":324,"column":72}},"type":"if","locations":[{"start":{"line":324,"column":2},"end":{"line":324,"column":72}},{"start":{"line":324,"column":2},"end":{"line":324,"column":72}}],"line":324},"30":{"loc":{"start":{"line":324,"column":6},"end":{"line":324,"column":63}},"type":"binary-expr","locations":[{"start":{"line":324,"column":6},"end":{"line":324,"column":28}},{"start":{"line":324,"column":32},"end":{"line":324,"column":63}}],"line":324},"31":{"loc":{"start":{"line":329,"column":4},"end":{"line":331,"column":5}},"type":"if","locations":[{"start":{"line":329,"column":4},"end":{"line":331,"column":5}},{"start":{"line":329,"column":4},"end":{"line":331,"column":5}}],"line":329}},"s":{"0":1,"1":1,"2":1,"3":1,"4":1,"5":1,"6":1,"7":1,"8":1,"9":1,"10":1,"11":1,"12":1,"13":1,"14":1,"15":1,"16":1,"17":1,"18":67,"19":0,"20":67,"21":67,"22":67,"23":50,"24":1,"25":49,"26":1,"27":48,"28":1,"29":47,"30":45,"31":47,"32":47,"33":40,"34":40,"35":40,"36":40,"37":5,"38":35,"39":27,"40":3,"41":40,"42":40,"43":0,"44":27,"45":0,"46":0,"47":0,"48":0,"49":0,"50":0,"51":0,"52":0,"53":0,"54":0,"55":0,"56":0,"57":50,"58":50,"59":7,"60":3,"61":3,"62":40,"63":40,"64":3,"65":3,"66":3,"67":3,"68":3,"69":40,"70":35,"71":35,"72":35,"73":0,"74":35,"75":29,"76":29,"77":29,"78":29,"79":29,"80":60,"81":17,"82":43,"83":43,"84":43,"85":41,"86":41,"87":3,"88":1,"89":2,"90":26,"91":98,"92":15,"93":15,"94":18,"95":15,"96":15,"97":29,"98":29,"99":42,"100":84,"101":84,"102":41,"103":43,"104":43,"105":41,"106":41,"107":41,"108":43,"109":43,"110":43,"111":29,"112":29,"113":13,"114":16,"115":16,"116":17,"117":16,"118":17,"119":17,"120":16},"f":{"0":67,"1":0,"2":0,"3":0,"4":0,"5":0,"6":0,"7":50,"8":3,"9":40,"10":35,"11":60,"12":3,"13":26,"14":98,"15":29,"16":42,"17":84,"18":41,"19":29,"20":17},"b":{"0":[34],"1":[0,67],"2":[67,0],"3":[67,34],"4":[1,49],"5":[1,48],"6":[1,47],"7":[48,47],"8":[45,2],"9":[40,5],"10":[5,35],"11":[3,24],"12":[40,0],"13":[0],"14":[0,0],"15":[0,0],"16":[0,0],"17":[3,37],"18":[0,35],"19":[17,43],"20":[60,17],"21":[43,43],"22":[1,2],"23":[3,3,3],"24":[15,83],"25":[41,43],"26":[43,0],"27":[43,34],"28":[41,2],"29":[13,16],"30":[29,18],"31":[16,1]},"_coverageSchema":"1a1c01bbd47fc00a2c39e90264f33305004495a9","hash":"97e54f4f6aef00f8d5bc8c6297660699c7468132","contentHash":"081193d1dbf3cbc4614bc9d35188e8f965e1637f2b4136dd8a00f1f311ff7b6d"},"/Users/matatjahu/Documents/AsyncAPI/parser-js/lib/errors/parser-error.js":{"path":"/Users/matatjahu/Documents/AsyncAPI/parser-js/lib/errors/parser-error.js","statementMap":{"0":{"start":{"line":1,"column":25},"end":{"line":1,"column":65}},"1":{"start":{"line":3,"column":19},"end":{"line":12,"column":1}},"2":{"start":{"line":4,"column":2},"end":{"line":4,"column":99}},"3":{"start":{"line":5,"column":2},"end":{"line":5,"column":24}},"4":{"start":{"line":6,"column":2},"end":{"line":6,"column":43}},"5":{"start":{"line":6,"column":19},"end":{"line":6,"column":43}},"6":{"start":{"line":7,"column":2},"end":{"line":7,"column":73}},"7":{"start":{"line":7,"column":29},"end":{"line":7,"column":73}},"8":{"start":{"line":8,"column":2},"end":{"line":8,"column":55}},"9":{"start":{"line":8,"column":23},"end":{"line":8,"column":55}},"10":{"start":{"line":9,"column":2},"end":{"line":9,"column":49}},"11":{"start":{"line":9,"column":21},"end":{"line":9,"column":49}},"12":{"start":{"line":10,"column":2},"end":{"line":10,"column":37}},"13":{"start":{"line":10,"column":17},"end":{"line":10,"column":37}},"14":{"start":{"line":11,"column":2},"end":{"line":11,"column":12}},"15":{"start":{"line":51,"column":4},"end":{"line":51,"column":12}},"16":{"start":{"line":52,"column":4},"end":{"line":52,"column":26}},"17":{"start":{"line":53,"column":4},"end":{"line":53,"column":29}},"18":{"start":{"line":60,"column":4},"end":{"line":60,"column":32}},"19":{"start":{"line":64,"column":0},"end":{"line":64,"column":29}}},"fnMap":{"0":{"name":"(anonymous_0)","decl":{"start":{"line":3,"column":19},"end":{"line":3,"column":20}},"loc":{"start":{"line":3,"column":33},"end":{"line":12,"column":1}},"line":3},"1":{"name":"(anonymous_1)","decl":{"start":{"line":50,"column":2},"end":{"line":50,"column":3}},"loc":{"start":{"line":50,"column":19},"end":{"line":54,"column":3}},"line":50},"2":{"name":"(anonymous_2)","decl":{"start":{"line":59,"column":2},"end":{"line":59,"column":3}},"loc":{"start":{"line":59,"column":9},"end":{"line":61,"column":3}},"line":59}},"branchMap":{"0":{"loc":{"start":{"line":4,"column":12},"end":{"line":4,"column":98}},"type":"cond-expr","locations":[{"start":{"line":4,"column":53},"end":{"line":4,"column":62}},{"start":{"line":4,"column":65},"end":{"line":4,"column":98}}],"line":4},"1":{"loc":{"start":{"line":6,"column":2},"end":{"line":6,"column":43}},"type":"if","locations":[{"start":{"line":6,"column":2},"end":{"line":6,"column":43}},{"start":{"line":6,"column":2},"end":{"line":6,"column":43}}],"line":6},"2":{"loc":{"start":{"line":7,"column":2},"end":{"line":7,"column":73}},"type":"if","locations":[{"start":{"line":7,"column":2},"end":{"line":7,"column":73}},{"start":{"line":7,"column":2},"end":{"line":7,"column":73}}],"line":7},"3":{"loc":{"start":{"line":8,"column":2},"end":{"line":8,"column":55}},"type":"if","locations":[{"start":{"line":8,"column":2},"end":{"line":8,"column":55}},{"start":{"line":8,"column":2},"end":{"line":8,"column":55}}],"line":8},"4":{"loc":{"start":{"line":9,"column":2},"end":{"line":9,"column":49}},"type":"if","locations":[{"start":{"line":9,"column":2},"end":{"line":9,"column":49}},{"start":{"line":9,"column":2},"end":{"line":9,"column":49}}],"line":9},"5":{"loc":{"start":{"line":10,"column":2},"end":{"line":10,"column":37}},"type":"if","locations":[{"start":{"line":10,"column":2},"end":{"line":10,"column":37}},{"start":{"line":10,"column":2},"end":{"line":10,"column":37}}],"line":10}},"s":{"0":1,"1":1,"2":67,"3":67,"4":67,"5":5,"6":67,"7":40,"8":67,"9":48,"10":67,"11":3,"12":67,"13":7,"14":67,"15":67,"16":67,"17":67,"18":0,"19":1},"f":{"0":67,"1":67,"2":0},"b":{"0":[0,67],"1":[5,62],"2":[40,27],"3":[48,19],"4":[3,64],"5":[7,60]},"_coverageSchema":"1a1c01bbd47fc00a2c39e90264f33305004495a9","hash":"78e12da44e45555796486d45a77bd0d353c956be","contentHash":"e2949c93667818898ef12f73a45db95d93aecb7196d5527cd4fbcb5628012cca"},"/Users/matatjahu/Documents/AsyncAPI/parser-js/lib/customValidators.js":{"path":"/Users/matatjahu/Documents/AsyncAPI/parser-js/lib/customValidators.js","statementMap":{"0":{"start":{"line":1,"column":20},"end":{"line":1,"column":52}},"1":{"start":{"line":3,"column":18},"end":{"line":3,"column":47}},"2":{"start":{"line":12,"column":4},"end":{"line":12,"column":22}},"3":{"start":{"line":13,"column":24},"end":{"line":13,"column":43}},"4":{"start":{"line":28,"column":15},"end":{"line":28,"column":33}},"5":{"start":{"line":29,"column":2},"end":{"line":29,"column":25}},"6":{"start":{"line":29,"column":13},"end":{"line":29,"column":25}},"7":{"start":{"line":31,"column":18},"end":{"line":31,"column":47}},"8":{"start":{"line":32,"column":31},"end":{"line":32,"column":40}},"9":{"start":{"line":33,"column":36},"end":{"line":33,"column":45}},"10":{"start":{"line":35,"column":2},"end":{"line":54,"column":5}},"11":{"start":{"line":36,"column":22},"end":{"line":36,"column":49}},"12":{"start":{"line":37,"column":25},"end":{"line":37,"column":39}},"13":{"start":{"line":38,"column":34},"end":{"line":38,"column":75}},"14":{"start":{"line":39,"column":4},"end":{"line":39,"column":27}},"15":{"start":{"line":39,"column":20},"end":{"line":39,"column":27}},"16":{"start":{"line":41,"column":35},"end":{"line":41,"column":75}},"17":{"start":{"line":42,"column":4},"end":{"line":49,"column":5}},"18":{"start":{"line":43,"column":6},"end":{"line":48,"column":8}},"19":{"start":{"line":51,"column":4},"end":{"line":53,"column":5}},"20":{"start":{"line":52,"column":6},"end":{"line":52,"column":77}},"21":{"start":{"line":56,"column":2},"end":{"line":69,"column":3}},"22":{"start":{"line":57,"column":4},"end":{"line":68,"column":7}},"23":{"start":{"line":71,"column":2},"end":{"line":85,"column":3}},"24":{"start":{"line":72,"column":4},"end":{"line":84,"column":7}},"25":{"start":{"line":87,"column":2},"end":{"line":87,"column":14}},"26":{"start":{"line":100,"column":23},"end":{"line":100,"column":57}},"27":{"start":{"line":101,"column":2},"end":{"line":111,"column":5}},"28":{"start":{"line":102,"column":4},"end":{"line":110,"column":5}},"29":{"start":{"line":103,"column":28},"end":{"line":103,"column":85}},"30":{"start":{"line":103,"column":58},"end":{"line":103,"column":84}},"31":{"start":{"line":104,"column":6},"end":{"line":109,"column":7}},"32":{"start":{"line":105,"column":8},"end":{"line":108,"column":10}},"33":{"start":{"line":129,"column":16},"end":{"line":129,"column":35}},"34":{"start":{"line":130,"column":2},"end":{"line":130,"column":26}},"35":{"start":{"line":130,"column":14},"end":{"line":130,"column":26}},"36":{"start":{"line":131,"column":19},"end":{"line":131,"column":49}},"37":{"start":{"line":133,"column":31},"end":{"line":133,"column":40}},"38":{"start":{"line":135,"column":24},"end":{"line":135,"column":26}},"39":{"start":{"line":137,"column":28},"end":{"line":150,"column":3}},"40":{"start":{"line":138,"column":24},"end":{"line":138,"column":38}},"41":{"start":{"line":139,"column":4},"end":{"line":139,"column":29}},"42":{"start":{"line":139,"column":22},"end":{"line":139,"column":29}},"43":{"start":{"line":141,"column":26},"end":{"line":141,"column":71}},"44":{"start":{"line":142,"column":36},"end":{"line":144,"column":5}},"45":{"start":{"line":143,"column":13},"end":{"line":143,"column":33}},"46":{"start":{"line":145,"column":4},"end":{"line":146,"column":62}},"47":{"start":{"line":146,"column":6},"end":{"line":146,"column":62}},"48":{"start":{"line":149,"column":4},"end":{"line":149,"column":75}},"49":{"start":{"line":152,"column":2},"end":{"line":157,"column":5}},"50":{"start":{"line":153,"column":4},"end":{"line":156,"column":7}},"51":{"start":{"line":154,"column":17},"end":{"line":154,"column":40}},"52":{"start":{"line":155,"column":6},"end":{"line":155,"column":54}},"53":{"start":{"line":155,"column":14},"end":{"line":155,"column":54}},"54":{"start":{"line":159,"column":2},"end":{"line":172,"column":3}},"55":{"start":{"line":160,"column":4},"end":{"line":171,"column":7}},"56":{"start":{"line":174,"column":2},"end":{"line":174,"column":14}},"57":{"start":{"line":192,"column":16},"end":{"line":192,"column":35}},"58":{"start":{"line":193,"column":2},"end":{"line":193,"column":26}},"59":{"start":{"line":193,"column":14},"end":{"line":193,"column":26}},"60":{"start":{"line":194,"column":19},"end":{"line":194,"column":49}},"61":{"start":{"line":196,"column":29},"end":{"line":196,"column":38}},"62":{"start":{"line":198,"column":22},"end":{"line":198,"column":24}},"63":{"start":{"line":200,"column":28},"end":{"line":211,"column":3}},"64":{"start":{"line":201,"column":22},"end":{"line":201,"column":35}},"65":{"start":{"line":202,"column":4},"end":{"line":202,"column":27}},"66":{"start":{"line":202,"column":20},"end":{"line":202,"column":27}},"67":{"start":{"line":204,"column":24},"end":{"line":204,"column":83}},"68":{"start":{"line":205,"column":34},"end":{"line":205,"column":75}},"69":{"start":{"line":205,"column":56},"end":{"line":205,"column":74}},"70":{"start":{"line":206,"column":4},"end":{"line":207,"column":56}},"71":{"start":{"line":207,"column":6},"end":{"line":207,"column":56}},"72":{"start":{"line":210,"column":4},"end":{"line":210,"column":66}},"73":{"start":{"line":213,"column":2},"end":{"line":221,"column":5}},"74":{"start":{"line":214,"column":4},"end":{"line":220,"column":7}},"75":{"start":{"line":215,"column":17},"end":{"line":215,"column":40}},"76":{"start":{"line":216,"column":6},"end":{"line":219,"column":7}},"77":{"start":{"line":217,"column":8},"end":{"line":218,"column":61}},"78":{"start":{"line":217,"column":30},"end":{"line":217,"column":133}},"79":{"start":{"line":217,"column":71},"end":{"line":217,"column":131}},"80":{"start":{"line":218,"column":13},"end":{"line":218,"column":61}},"81":{"start":{"line":223,"column":2},"end":{"line":236,"column":3}},"82":{"start":{"line":224,"column":4},"end":{"line":235,"column":7}},"83":{"start":{"line":238,"column":2},"end":{"line":238,"column":14}},"84":{"start":{"line":257,"column":15},"end":{"line":257,"column":33}},"85":{"start":{"line":258,"column":2},"end":{"line":258,"column":25}},"86":{"start":{"line":258,"column":13},"end":{"line":258,"column":25}},"87":{"start":{"line":260,"column":15},"end":{"line":260,"column":24}},"88":{"start":{"line":261,"column":18},"end":{"line":261,"column":47}},"89":{"start":{"line":263,"column":27},"end":{"line":263,"column":36}},"90":{"start":{"line":264,"column":28},"end":{"line":264,"column":37}},"91":{"start":{"line":267,"column":2},"end":{"line":287,"column":5}},"92":{"start":{"line":268,"column":26},"end":{"line":268,"column":41}},"93":{"start":{"line":270,"column":4},"end":{"line":270,"column":36}},"94":{"start":{"line":270,"column":24},"end":{"line":270,"column":36}},"95":{"start":{"line":273,"column":4},"end":{"line":286,"column":7}},"96":{"start":{"line":274,"column":6},"end":{"line":285,"column":9}},"97":{"start":{"line":276,"column":23},"end":{"line":276,"column":73}},"98":{"start":{"line":277,"column":33},"end":{"line":277,"column":68}},"99":{"start":{"line":279,"column":8},"end":{"line":279,"column":74}},"100":{"start":{"line":279,"column":28},"end":{"line":279,"column":74}},"101":{"start":{"line":282,"column":27},"end":{"line":282,"column":36}},"102":{"start":{"line":283,"column":8},"end":{"line":284,"column":66}},"103":{"start":{"line":284,"column":10},"end":{"line":284,"column":66}},"104":{"start":{"line":289,"column":2},"end":{"line":303,"column":3}},"105":{"start":{"line":290,"column":4},"end":{"line":302,"column":7}},"106":{"start":{"line":305,"column":2},"end":{"line":319,"column":3}},"107":{"start":{"line":306,"column":4},"end":{"line":318,"column":7}},"108":{"start":{"line":321,"column":2},"end":{"line":321,"column":14}},"109":{"start":{"line":332,"column":21},"end":{"line":332,"column":61}},"110":{"start":{"line":333,"column":24},"end":{"line":335,"column":15}},"111":{"start":{"line":336,"column":21},"end":{"line":336,"column":23}},"112":{"start":{"line":339,"column":2},"end":{"line":344,"column":3}},"113":{"start":{"line":340,"column":4},"end":{"line":343,"column":5}},"114":{"start":{"line":341,"column":6},"end":{"line":341,"column":47}},"115":{"start":{"line":342,"column":6},"end":{"line":342,"column":24}},"116":{"start":{"line":345,"column":2},"end":{"line":345,"column":20}},"117":{"start":{"line":358,"column":2},"end":{"line":362,"column":3}},"118":{"start":{"line":359,"column":29},"end":{"line":359,"column":52}},"119":{"start":{"line":361,"column":4},"end":{"line":361,"column":36}},"120":{"start":{"line":364,"column":2},"end":{"line":364,"column":14}},"121":{"start":{"line":378,"column":16},"end":{"line":378,"column":35}},"122":{"start":{"line":379,"column":2},"end":{"line":379,"column":26}},"123":{"start":{"line":379,"column":14},"end":{"line":379,"column":26}},"124":{"start":{"line":381,"column":19},"end":{"line":381,"column":49}},"125":{"start":{"line":382,"column":28},"end":{"line":382,"column":37}},"126":{"start":{"line":383,"column":29},"end":{"line":383,"column":38}},"127":{"start":{"line":384,"column":25},"end":{"line":384,"column":34}},"128":{"start":{"line":386,"column":2},"end":{"line":412,"column":5}},"129":{"start":{"line":387,"column":22},"end":{"line":387,"column":44}},"130":{"start":{"line":388,"column":37},"end":{"line":388,"column":70}},"131":{"start":{"line":389,"column":28},"end":{"line":389,"column":56}},"132":{"start":{"line":390,"column":31},"end":{"line":390,"column":65}},"133":{"start":{"line":393,"column":4},"end":{"line":401,"column":5}},"134":{"start":{"line":394,"column":6},"end":{"line":400,"column":8}},"135":{"start":{"line":404,"column":4},"end":{"line":406,"column":5}},"136":{"start":{"line":405,"column":6},"end":{"line":405,"column":58}},"137":{"start":{"line":409,"column":4},"end":{"line":411,"column":5}},"138":{"start":{"line":410,"column":6},"end":{"line":410,"column":57}},"139":{"start":{"line":415,"column":36},"end":{"line":421,"column":3}},"140":{"start":{"line":422,"column":31},"end":{"line":428,"column":3}},"141":{"start":{"line":429,"column":33},"end":{"line":435,"column":3}},"142":{"start":{"line":436,"column":30},"end":{"line":436,"column":115}},"143":{"start":{"line":439,"column":2},"end":{"line":446,"column":3}},"144":{"start":{"line":440,"column":4},"end":{"line":445,"column":7}},"145":{"start":{"line":448,"column":2},"end":{"line":448,"column":14}},"146":{"start":{"line":462,"column":22},"end":{"line":462,"column":50}},"147":{"start":{"line":463,"column":26},"end":{"line":463,"column":61}},"148":{"start":{"line":464,"column":33},"end":{"line":464,"column":71}},"149":{"start":{"line":465,"column":26},"end":{"line":465,"column":57}},"150":{"start":{"line":466,"column":31},"end":{"line":466,"column":68}},"151":{"start":{"line":467,"column":23},"end":{"line":467,"column":53}},"152":{"start":{"line":469,"column":36},"end":{"line":469,"column":38}},"153":{"start":{"line":470,"column":40},"end":{"line":470,"column":42}},"154":{"start":{"line":471,"column":47},"end":{"line":471,"column":49}},"155":{"start":{"line":472,"column":40},"end":{"line":472,"column":42}},"156":{"start":{"line":473,"column":45},"end":{"line":473,"column":47}},"157":{"start":{"line":475,"column":2},"end":{"line":483,"column":3}},"158":{"start":{"line":476,"column":4},"end":{"line":482,"column":6}},"159":{"start":{"line":485,"column":2},"end":{"line":493,"column":3}},"160":{"start":{"line":486,"column":4},"end":{"line":492,"column":6}},"161":{"start":{"line":495,"column":2},"end":{"line":503,"column":3}},"162":{"start":{"line":496,"column":4},"end":{"line":502,"column":6}},"163":{"start":{"line":505,"column":2},"end":{"line":513,"column":3}},"164":{"start":{"line":506,"column":4},"end":{"line":512,"column":6}},"165":{"start":{"line":515,"column":2},"end":{"line":523,"column":3}},"166":{"start":{"line":516,"column":4},"end":{"line":522,"column":6}},"167":{"start":{"line":525,"column":30},"end":{"line":529,"column":49}},"168":{"start":{"line":531,"column":2},"end":{"line":538,"column":3}},"169":{"start":{"line":532,"column":4},"end":{"line":537,"column":7}},"170":{"start":{"line":540,"column":2},"end":{"line":540,"column":14}},"171":{"start":{"line":544,"column":22},"end":{"line":544,"column":31}},"172":{"start":{"line":545,"column":25},"end":{"line":545,"column":81}},"173":{"start":{"line":547,"column":2},"end":{"line":549,"column":3}},"174":{"start":{"line":548,"column":4},"end":{"line":548,"column":55}},"175":{"start":{"line":551,"column":2},"end":{"line":551,"column":21}},"176":{"start":{"line":555,"column":33},"end":{"line":555,"column":42}},"177":{"start":{"line":557,"column":2},"end":{"line":570,"column":3}},"178":{"start":{"line":558,"column":4},"end":{"line":569,"column":7}},"179":{"start":{"line":560,"column":29},"end":{"line":560,"column":109}},"180":{"start":{"line":562,"column":6},"end":{"line":568,"column":7}},"181":{"start":{"line":563,"column":36},"end":{"line":563,"column":76}},"182":{"start":{"line":564,"column":8},"end":{"line":567,"column":10}},"183":{"start":{"line":572,"column":2},"end":{"line":572,"column":32}},"184":{"start":{"line":576,"column":16},"end":{"line":576,"column":35}},"185":{"start":{"line":577,"column":2},"end":{"line":577,"column":26}},"186":{"start":{"line":577,"column":14},"end":{"line":577,"column":26}},"187":{"start":{"line":579,"column":19},"end":{"line":579,"column":49}},"188":{"start":{"line":580,"column":26},"end":{"line":580,"column":35}},"189":{"start":{"line":581,"column":2},"end":{"line":581,"column":105}},"190":{"start":{"line":581,"column":45},"end":{"line":581,"column":103}},"191":{"start":{"line":583,"column":2},"end":{"line":583,"column":25}},"192":{"start":{"line":587,"column":2},"end":{"line":589,"column":3}},"193":{"start":{"line":588,"column":4},"end":{"line":588,"column":93}},"194":{"start":{"line":591,"column":2},"end":{"line":593,"column":3}},"195":{"start":{"line":592,"column":4},"end":{"line":592,"column":97}},"196":{"start":{"line":605,"column":2},"end":{"line":605,"column":25}},"197":{"start":{"line":605,"column":18},"end":{"line":605,"column":25}},"198":{"start":{"line":607,"column":2},"end":{"line":607,"column":81}},"199":{"start":{"line":609,"column":2},"end":{"line":617,"column":3}},"200":{"start":{"line":610,"column":4},"end":{"line":616,"column":5}},"201":{"start":{"line":611,"column":6},"end":{"line":613,"column":9}},"202":{"start":{"line":612,"column":8},"end":{"line":612,"column":106}},"203":{"start":{"line":615,"column":6},"end":{"line":615,"column":101}},"204":{"start":{"line":621,"column":25},"end":{"line":621,"column":59}},"205":{"start":{"line":622,"column":2},"end":{"line":624,"column":3}},"206":{"start":{"line":623,"column":4},"end":{"line":623,"column":56}},"207":{"start":{"line":628,"column":31},"end":{"line":628,"column":40}},"208":{"start":{"line":630,"column":2},"end":{"line":640,"column":3}},"209":{"start":{"line":631,"column":4},"end":{"line":639,"column":7}},"210":{"start":{"line":633,"column":29},"end":{"line":633,"column":105}},"211":{"start":{"line":635,"column":6},"end":{"line":638,"column":7}},"212":{"start":{"line":636,"column":34},"end":{"line":636,"column":70}},"213":{"start":{"line":637,"column":8},"end":{"line":637,"column":79}},"214":{"start":{"line":642,"column":2},"end":{"line":642,"column":30}},"215":{"start":{"line":646,"column":26},"end":{"line":646,"column":35}},"216":{"start":{"line":648,"column":2},"end":{"line":658,"column":3}},"217":{"start":{"line":649,"column":4},"end":{"line":657,"column":7}},"218":{"start":{"line":651,"column":29},"end":{"line":651,"column":95}},"219":{"start":{"line":653,"column":6},"end":{"line":656,"column":7}},"220":{"start":{"line":654,"column":28},"end":{"line":654,"column":54}},"221":{"start":{"line":655,"column":8},"end":{"line":655,"column":68}},"222":{"start":{"line":660,"column":2},"end":{"line":660,"column":25}},"223":{"start":{"line":664,"column":2},"end":{"line":664,"column":25}},"224":{"start":{"line":664,"column":13},"end":{"line":664,"column":25}},"225":{"start":{"line":666,"column":19},"end":{"line":666,"column":48}},"226":{"start":{"line":666,"column":38},"end":{"line":666,"column":47}},"227":{"start":{"line":667,"column":2},"end":{"line":672,"column":9}},"228":{"start":{"line":668,"column":4},"end":{"line":670,"column":5}},"229":{"start":{"line":669,"column":6},"end":{"line":669,"column":21}},"230":{"start":{"line":671,"column":4},"end":{"line":671,"column":15}},"231":{"start":{"line":675,"column":0},"end":{"line":682,"column":2}}},"fnMap":{"0":{"name":"validateServerVariables","decl":{"start":{"line":23,"column":9},"end":{"line":23,"column":32}},"loc":{"start":{"line":27,"column":2},"end":{"line":88,"column":1}},"line":27},"1":{"name":"(anonymous_1)","decl":{"start":{"line":35,"column":18},"end":{"line":35,"column":19}},"loc":{"start":{"line":35,"column":38},"end":{"line":54,"column":3}},"line":35},"2":{"name":"setNotValidExamples","decl":{"start":{"line":99,"column":9},"end":{"line":99,"column":28}},"loc":{"start":{"line":99,"column":77},"end":{"line":112,"column":1}},"line":99},"3":{"name":"(anonymous_3)","decl":{"start":{"line":101,"column":23},"end":{"line":101,"column":24}},"loc":{"start":{"line":101,"column":51},"end":{"line":111,"column":3}},"line":101},"4":{"name":"(anonymous_4)","decl":{"start":{"line":103,"column":53},"end":{"line":103,"column":54}},"loc":{"start":{"line":103,"column":58},"end":{"line":103,"column":84}},"line":103},"5":{"name":"validateOperationId","decl":{"start":{"line":123,"column":9},"end":{"line":123,"column":28}},"loc":{"start":{"line":128,"column":2},"end":{"line":175,"column":1}},"line":128},"6":{"name":"(anonymous_6)","decl":{"start":{"line":137,"column":28},"end":{"line":137,"column":29}},"loc":{"start":{"line":137,"column":57},"end":{"line":150,"column":3}},"line":137},"7":{"name":"(anonymous_7)","decl":{"start":{"line":143,"column":6},"end":{"line":143,"column":7}},"loc":{"start":{"line":143,"column":13},"end":{"line":143,"column":33}},"line":143},"8":{"name":"(anonymous_8)","decl":{"start":{"line":152,"column":19},"end":{"line":152,"column":20}},"loc":{"start":{"line":152,"column":42},"end":{"line":157,"column":3}},"line":152},"9":{"name":"(anonymous_9)","decl":{"start":{"line":153,"column":23},"end":{"line":153,"column":24}},"loc":{"start":{"line":153,"column":35},"end":{"line":156,"column":5}},"line":153},"10":{"name":"validateMessageId","decl":{"start":{"line":186,"column":9},"end":{"line":186,"column":26}},"loc":{"start":{"line":191,"column":2},"end":{"line":239,"column":1}},"line":191},"11":{"name":"(anonymous_11)","decl":{"start":{"line":200,"column":28},"end":{"line":200,"column":29}},"loc":{"start":{"line":200,"column":70},"end":{"line":211,"column":3}},"line":200},"12":{"name":"(anonymous_12)","decl":{"start":{"line":205,"column":51},"end":{"line":205,"column":52}},"loc":{"start":{"line":205,"column":56},"end":{"line":205,"column":74}},"line":205},"13":{"name":"(anonymous_13)","decl":{"start":{"line":213,"column":19},"end":{"line":213,"column":20}},"loc":{"start":{"line":213,"column":42},"end":{"line":221,"column":3}},"line":213},"14":{"name":"(anonymous_14)","decl":{"start":{"line":214,"column":23},"end":{"line":214,"column":24}},"loc":{"start":{"line":214,"column":35},"end":{"line":220,"column":5}},"line":214},"15":{"name":"(anonymous_15)","decl":{"start":{"line":217,"column":55},"end":{"line":217,"column":56}},"loc":{"start":{"line":217,"column":71},"end":{"line":217,"column":131}},"line":217},"16":{"name":"validateServerSecurity","decl":{"start":{"line":251,"column":9},"end":{"line":251,"column":31}},"loc":{"start":{"line":256,"column":2},"end":{"line":322,"column":1}},"line":256},"17":{"name":"(anonymous_17)","decl":{"start":{"line":267,"column":18},"end":{"line":267,"column":19}},"loc":{"start":{"line":267,"column":42},"end":{"line":287,"column":3}},"line":267},"18":{"name":"(anonymous_18)","decl":{"start":{"line":273,"column":26},"end":{"line":273,"column":27}},"loc":{"start":{"line":273,"column":38},"end":{"line":286,"column":5}},"line":273},"19":{"name":"(anonymous_19)","decl":{"start":{"line":274,"column":34},"end":{"line":274,"column":35}},"loc":{"start":{"line":274,"column":47},"end":{"line":285,"column":7}},"line":274},"20":{"name":"findSecuritySchema","decl":{"start":{"line":331,"column":9},"end":{"line":331,"column":27}},"loc":{"start":{"line":331,"column":54},"end":{"line":346,"column":1}},"line":331},"21":{"name":"isSrvrSecProperArray","decl":{"start":{"line":357,"column":9},"end":{"line":357,"column":29}},"loc":{"start":{"line":357,"column":76},"end":{"line":365,"column":1}},"line":357},"22":{"name":"validateChannels","decl":{"start":{"line":377,"column":9},"end":{"line":377,"column":25}},"loc":{"start":{"line":377,"column":73},"end":{"line":449,"column":1}},"line":377},"23":{"name":"(anonymous_23)","decl":{"start":{"line":386,"column":19},"end":{"line":386,"column":20}},"loc":{"start":{"line":386,"column":33},"end":{"line":412,"column":3}},"line":386},"24":{"name":"validateTags","decl":{"start":{"line":461,"column":9},"end":{"line":461,"column":21}},"loc":{"start":{"line":461,"column":69},"end":{"line":541,"column":1}},"line":461},"25":{"name":"validateRootTags","decl":{"start":{"line":543,"column":9},"end":{"line":543,"column":25}},"loc":{"start":{"line":543,"column":38},"end":{"line":552,"column":1}},"line":543},"26":{"name":"validateOperationTraitTags","decl":{"start":{"line":554,"column":9},"end":{"line":554,"column":35}},"loc":{"start":{"line":554,"column":48},"end":{"line":573,"column":1}},"line":554},"27":{"name":"(anonymous_27)","decl":{"start":{"line":558,"column":63},"end":{"line":558,"column":64}},"loc":{"start":{"line":558,"column":83},"end":{"line":569,"column":5}},"line":558},"28":{"name":"validateAllChannelsTags","decl":{"start":{"line":575,"column":9},"end":{"line":575,"column":32}},"loc":{"start":{"line":575,"column":45},"end":{"line":584,"column":1}},"line":575},"29":{"name":"(anonymous_29)","decl":{"start":{"line":581,"column":19},"end":{"line":581,"column":20}},"loc":{"start":{"line":581,"column":45},"end":{"line":581,"column":103}},"line":581},"30":{"name":"validateChannelTags","decl":{"start":{"line":586,"column":9},"end":{"line":586,"column":28}},"loc":{"start":{"line":586,"column":68},"end":{"line":594,"column":1}},"line":586},"31":{"name":"validateOperationTags","decl":{"start":{"line":604,"column":9},"end":{"line":604,"column":30}},"loc":{"start":{"line":604,"column":74},"end":{"line":618,"column":1}},"line":604},"32":{"name":"(anonymous_32)","decl":{"start":{"line":611,"column":38},"end":{"line":611,"column":39}},"loc":{"start":{"line":611,"column":56},"end":{"line":613,"column":7}},"line":611},"33":{"name":"tryAddInvalidEntries","decl":{"start":{"line":620,"column":9},"end":{"line":620,"column":29}},"loc":{"start":{"line":620,"column":58},"end":{"line":625,"column":1}},"line":620},"34":{"name":"validateMessageTraitsTags","decl":{"start":{"line":627,"column":9},"end":{"line":627,"column":34}},"loc":{"start":{"line":627,"column":47},"end":{"line":643,"column":1}},"line":627},"35":{"name":"(anonymous_35)","decl":{"start":{"line":631,"column":61},"end":{"line":631,"column":62}},"loc":{"start":{"line":631,"column":79},"end":{"line":639,"column":5}},"line":631},"36":{"name":"validateMessageTags","decl":{"start":{"line":645,"column":9},"end":{"line":645,"column":28}},"loc":{"start":{"line":645,"column":41},"end":{"line":661,"column":1}},"line":645},"37":{"name":"(anonymous_37)","decl":{"start":{"line":649,"column":56},"end":{"line":649,"column":57}},"loc":{"start":{"line":649,"column":69},"end":{"line":657,"column":5}},"line":649},"38":{"name":"getDuplicateTagNames","decl":{"start":{"line":663,"column":9},"end":{"line":663,"column":29}},"loc":{"start":{"line":663,"column":36},"end":{"line":673,"column":1}},"line":663},"39":{"name":"(anonymous_39)","decl":{"start":{"line":666,"column":28},"end":{"line":666,"column":29}},"loc":{"start":{"line":666,"column":38},"end":{"line":666,"column":47}},"line":666},"40":{"name":"(anonymous_40)","decl":{"start":{"line":667,"column":25},"end":{"line":667,"column":26}},"loc":{"start":{"line":667,"column":50},"end":{"line":672,"column":3}},"line":667}},"branchMap":{"0":{"loc":{"start":{"line":29,"column":2},"end":{"line":29,"column":25}},"type":"if","locations":[{"start":{"line":29,"column":2},"end":{"line":29,"column":25}},{"start":{"line":29,"column":2},"end":{"line":29,"column":25}}],"line":29},"1":{"loc":{"start":{"line":39,"column":4},"end":{"line":39,"column":27}},"type":"if","locations":[{"start":{"line":39,"column":4},"end":{"line":39,"column":27}},{"start":{"line":39,"column":4},"end":{"line":39,"column":27}}],"line":39},"2":{"loc":{"start":{"line":42,"column":4},"end":{"line":49,"column":5}},"type":"if","locations":[{"start":{"line":42,"column":4},"end":{"line":49,"column":5}},{"start":{"line":42,"column":4},"end":{"line":49,"column":5}}],"line":42},"3":{"loc":{"start":{"line":45,"column":8},"end":{"line":47,"column":34}},"type":"cond-expr","locations":[{"start":{"line":46,"column":12},"end":{"line":46,"column":64}},{"start":{"line":47,"column":12},"end":{"line":47,"column":34}}],"line":45},"4":{"loc":{"start":{"line":51,"column":4},"end":{"line":53,"column":5}},"type":"if","locations":[{"start":{"line":51,"column":4},"end":{"line":53,"column":5}},{"start":{"line":51,"column":4},"end":{"line":53,"column":5}}],"line":51},"5":{"loc":{"start":{"line":56,"column":2},"end":{"line":69,"column":3}},"type":"if","locations":[{"start":{"line":56,"column":2},"end":{"line":69,"column":3}},{"start":{"line":56,"column":2},"end":{"line":69,"column":3}}],"line":56},"6":{"loc":{"start":{"line":71,"column":2},"end":{"line":85,"column":3}},"type":"if","locations":[{"start":{"line":71,"column":2},"end":{"line":85,"column":3}},{"start":{"line":71,"column":2},"end":{"line":85,"column":3}}],"line":71},"7":{"loc":{"start":{"line":102,"column":4},"end":{"line":110,"column":5}},"type":"if","locations":[{"start":{"line":102,"column":4},"end":{"line":110,"column":5}},{"start":{"line":102,"column":4},"end":{"line":110,"column":5}}],"line":102},"8":{"loc":{"start":{"line":102,"column":8},"end":{"line":102,"column":42}},"type":"binary-expr","locations":[{"start":{"line":102,"column":8},"end":{"line":102,"column":21}},{"start":{"line":102,"column":25},"end":{"line":102,"column":42}}],"line":102},"9":{"loc":{"start":{"line":104,"column":6},"end":{"line":109,"column":7}},"type":"if","locations":[{"start":{"line":104,"column":6},"end":{"line":109,"column":7}},{"start":{"line":104,"column":6},"end":{"line":109,"column":7}}],"line":104},"10":{"loc":{"start":{"line":130,"column":2},"end":{"line":130,"column":26}},"type":"if","locations":[{"start":{"line":130,"column":2},"end":{"line":130,"column":26}},{"start":{"line":130,"column":2},"end":{"line":130,"column":26}}],"line":130},"11":{"loc":{"start":{"line":139,"column":4},"end":{"line":139,"column":29}},"type":"if","locations":[{"start":{"line":139,"column":4},"end":{"line":139,"column":29}},{"start":{"line":139,"column":4},"end":{"line":139,"column":29}}],"line":139},"12":{"loc":{"start":{"line":145,"column":4},"end":{"line":146,"column":62}},"type":"if","locations":[{"start":{"line":145,"column":4},"end":{"line":146,"column":62}},{"start":{"line":145,"column":4},"end":{"line":146,"column":62}}],"line":145},"13":{"loc":{"start":{"line":155,"column":6},"end":{"line":155,"column":54}},"type":"if","locations":[{"start":{"line":155,"column":6},"end":{"line":155,"column":54}},{"start":{"line":155,"column":6},"end":{"line":155,"column":54}}],"line":155},"14":{"loc":{"start":{"line":159,"column":2},"end":{"line":172,"column":3}},"type":"if","locations":[{"start":{"line":159,"column":2},"end":{"line":172,"column":3}},{"start":{"line":159,"column":2},"end":{"line":172,"column":3}}],"line":159},"15":{"loc":{"start":{"line":193,"column":2},"end":{"line":193,"column":26}},"type":"if","locations":[{"start":{"line":193,"column":2},"end":{"line":193,"column":26}},{"start":{"line":193,"column":2},"end":{"line":193,"column":26}}],"line":193},"16":{"loc":{"start":{"line":200,"column":55},"end":{"line":200,"column":65}},"type":"default-arg","locations":[{"start":{"line":200,"column":63},"end":{"line":200,"column":65}}],"line":200},"17":{"loc":{"start":{"line":202,"column":4},"end":{"line":202,"column":27}},"type":"if","locations":[{"start":{"line":202,"column":4},"end":{"line":202,"column":27}},{"start":{"line":202,"column":4},"end":{"line":202,"column":27}}],"line":202},"18":{"loc":{"start":{"line":206,"column":4},"end":{"line":207,"column":56}},"type":"if","locations":[{"start":{"line":206,"column":4},"end":{"line":207,"column":56}},{"start":{"line":206,"column":4},"end":{"line":207,"column":56}}],"line":206},"19":{"loc":{"start":{"line":216,"column":6},"end":{"line":219,"column":7}},"type":"if","locations":[{"start":{"line":216,"column":6},"end":{"line":219,"column":7}},{"start":{"line":216,"column":6},"end":{"line":219,"column":7}}],"line":216},"20":{"loc":{"start":{"line":216,"column":10},"end":{"line":216,"column":26}},"type":"binary-expr","locations":[{"start":{"line":216,"column":10},"end":{"line":216,"column":12}},{"start":{"line":216,"column":16},"end":{"line":216,"column":26}}],"line":216},"21":{"loc":{"start":{"line":217,"column":8},"end":{"line":218,"column":61}},"type":"if","locations":[{"start":{"line":217,"column":8},"end":{"line":218,"column":61}},{"start":{"line":217,"column":8},"end":{"line":218,"column":61}}],"line":217},"22":{"loc":{"start":{"line":223,"column":2},"end":{"line":236,"column":3}},"type":"if","locations":[{"start":{"line":223,"column":2},"end":{"line":236,"column":3}},{"start":{"line":223,"column":2},"end":{"line":236,"column":3}}],"line":223},"23":{"loc":{"start":{"line":258,"column":2},"end":{"line":258,"column":25}},"type":"if","locations":[{"start":{"line":258,"column":2},"end":{"line":258,"column":25}},{"start":{"line":258,"column":2},"end":{"line":258,"column":25}}],"line":258},"24":{"loc":{"start":{"line":270,"column":4},"end":{"line":270,"column":36}},"type":"if","locations":[{"start":{"line":270,"column":4},"end":{"line":270,"column":36}},{"start":{"line":270,"column":4},"end":{"line":270,"column":36}}],"line":270},"25":{"loc":{"start":{"line":279,"column":8},"end":{"line":279,"column":74}},"type":"if","locations":[{"start":{"line":279,"column":8},"end":{"line":279,"column":74}},{"start":{"line":279,"column":8},"end":{"line":279,"column":74}}],"line":279},"26":{"loc":{"start":{"line":283,"column":8},"end":{"line":284,"column":66}},"type":"if","locations":[{"start":{"line":283,"column":8},"end":{"line":284,"column":66}},{"start":{"line":283,"column":8},"end":{"line":284,"column":66}}],"line":283},"27":{"loc":{"start":{"line":289,"column":2},"end":{"line":303,"column":3}},"type":"if","locations":[{"start":{"line":289,"column":2},"end":{"line":303,"column":3}},{"start":{"line":289,"column":2},"end":{"line":303,"column":3}}],"line":289},"28":{"loc":{"start":{"line":305,"column":2},"end":{"line":319,"column":3}},"type":"if","locations":[{"start":{"line":305,"column":2},"end":{"line":319,"column":3}},{"start":{"line":305,"column":2},"end":{"line":319,"column":3}}],"line":305},"29":{"loc":{"start":{"line":332,"column":21},"end":{"line":332,"column":61}},"type":"binary-expr","locations":[{"start":{"line":332,"column":21},"end":{"line":332,"column":31}},{"start":{"line":332,"column":35},"end":{"line":332,"column":61}}],"line":332},"30":{"loc":{"start":{"line":333,"column":24},"end":{"line":335,"column":15}},"type":"cond-expr","locations":[{"start":{"line":334,"column":6},"end":{"line":334,"column":41}},{"start":{"line":335,"column":6},"end":{"line":335,"column":15}}],"line":333},"31":{"loc":{"start":{"line":340,"column":4},"end":{"line":343,"column":5}},"type":"if","locations":[{"start":{"line":340,"column":4},"end":{"line":343,"column":5}},{"start":{"line":340,"column":4},"end":{"line":343,"column":5}}],"line":340},"32":{"loc":{"start":{"line":358,"column":2},"end":{"line":362,"column":3}},"type":"if","locations":[{"start":{"line":358,"column":2},"end":{"line":362,"column":3}},{"start":{"line":358,"column":2},"end":{"line":362,"column":3}}],"line":358},"33":{"loc":{"start":{"line":379,"column":2},"end":{"line":379,"column":26}},"type":"if","locations":[{"start":{"line":379,"column":2},"end":{"line":379,"column":26}},{"start":{"line":379,"column":2},"end":{"line":379,"column":26}}],"line":379},"34":{"loc":{"start":{"line":393,"column":4},"end":{"line":401,"column":5}},"type":"if","locations":[{"start":{"line":393,"column":4},"end":{"line":401,"column":5}},{"start":{"line":393,"column":4},"end":{"line":401,"column":5}}],"line":393},"35":{"loc":{"start":{"line":404,"column":4},"end":{"line":406,"column":5}},"type":"if","locations":[{"start":{"line":404,"column":4},"end":{"line":406,"column":5}},{"start":{"line":404,"column":4},"end":{"line":406,"column":5}}],"line":404},"36":{"loc":{"start":{"line":409,"column":4},"end":{"line":411,"column":5}},"type":"if","locations":[{"start":{"line":409,"column":4},"end":{"line":411,"column":5}},{"start":{"line":409,"column":4},"end":{"line":411,"column":5}}],"line":409},"37":{"loc":{"start":{"line":439,"column":2},"end":{"line":446,"column":3}},"type":"if","locations":[{"start":{"line":439,"column":2},"end":{"line":446,"column":3}},{"start":{"line":439,"column":2},"end":{"line":446,"column":3}}],"line":439},"38":{"loc":{"start":{"line":439,"column":6},"end":{"line":439,"column":78}},"type":"binary-expr","locations":[{"start":{"line":439,"column":6},"end":{"line":439,"column":28}},{"start":{"line":439,"column":32},"end":{"line":439,"column":55}},{"start":{"line":439,"column":59},"end":{"line":439,"column":78}}],"line":439},"39":{"loc":{"start":{"line":475,"column":2},"end":{"line":483,"column":3}},"type":"if","locations":[{"start":{"line":475,"column":2},"end":{"line":483,"column":3}},{"start":{"line":475,"column":2},"end":{"line":483,"column":3}}],"line":475},"40":{"loc":{"start":{"line":485,"column":2},"end":{"line":493,"column":3}},"type":"if","locations":[{"start":{"line":485,"column":2},"end":{"line":493,"column":3}},{"start":{"line":485,"column":2},"end":{"line":493,"column":3}}],"line":485},"41":{"loc":{"start":{"line":495,"column":2},"end":{"line":503,"column":3}},"type":"if","locations":[{"start":{"line":495,"column":2},"end":{"line":503,"column":3}},{"start":{"line":495,"column":2},"end":{"line":503,"column":3}}],"line":495},"42":{"loc":{"start":{"line":505,"column":2},"end":{"line":513,"column":3}},"type":"if","locations":[{"start":{"line":505,"column":2},"end":{"line":513,"column":3}},{"start":{"line":505,"column":2},"end":{"line":513,"column":3}}],"line":505},"43":{"loc":{"start":{"line":515,"column":2},"end":{"line":523,"column":3}},"type":"if","locations":[{"start":{"line":515,"column":2},"end":{"line":523,"column":3}},{"start":{"line":515,"column":2},"end":{"line":523,"column":3}}],"line":515},"44":{"loc":{"start":{"line":531,"column":2},"end":{"line":538,"column":3}},"type":"if","locations":[{"start":{"line":531,"column":2},"end":{"line":538,"column":3}},{"start":{"line":531,"column":2},"end":{"line":538,"column":3}}],"line":531},"45":{"loc":{"start":{"line":545,"column":25},"end":{"line":545,"column":81}},"type":"binary-expr","locations":[{"start":{"line":545,"column":25},"end":{"line":545,"column":40}},{"start":{"line":545,"column":44},"end":{"line":545,"column":81}}],"line":545},"46":{"loc":{"start":{"line":547,"column":2},"end":{"line":549,"column":3}},"type":"if","locations":[{"start":{"line":547,"column":2},"end":{"line":549,"column":3}},{"start":{"line":547,"column":2},"end":{"line":549,"column":3}}],"line":547},"47":{"loc":{"start":{"line":547,"column":6},"end":{"line":547,"column":45}},"type":"binary-expr","locations":[{"start":{"line":547,"column":6},"end":{"line":547,"column":20}},{"start":{"line":547,"column":24},"end":{"line":547,"column":45}}],"line":547},"48":{"loc":{"start":{"line":557,"column":2},"end":{"line":570,"column":3}},"type":"if","locations":[{"start":{"line":557,"column":2},"end":{"line":570,"column":3}},{"start":{"line":557,"column":2},"end":{"line":570,"column":3}}],"line":557},"49":{"loc":{"start":{"line":557,"column":6},"end":{"line":557,"column":82}},"type":"binary-expr","locations":[{"start":{"line":557,"column":6},"end":{"line":557,"column":16}},{"start":{"line":557,"column":20},"end":{"line":557,"column":41}},{"start":{"line":557,"column":45},"end":{"line":557,"column":82}}],"line":557},"50":{"loc":{"start":{"line":562,"column":6},"end":{"line":568,"column":7}},"type":"if","locations":[{"start":{"line":562,"column":6},"end":{"line":568,"column":7}},{"start":{"line":562,"column":6},"end":{"line":568,"column":7}}],"line":562},"51":{"loc":{"start":{"line":562,"column":10},"end":{"line":562,"column":49}},"type":"binary-expr","locations":[{"start":{"line":562,"column":10},"end":{"line":562,"column":24}},{"start":{"line":562,"column":28},"end":{"line":562,"column":49}}],"line":562},"52":{"loc":{"start":{"line":577,"column":2},"end":{"line":577,"column":26}},"type":"if","locations":[{"start":{"line":577,"column":2},"end":{"line":577,"column":26}},{"start":{"line":577,"column":2},"end":{"line":577,"column":26}}],"line":577},"53":{"loc":{"start":{"line":587,"column":2},"end":{"line":589,"column":3}},"type":"if","locations":[{"start":{"line":587,"column":2},"end":{"line":589,"column":3}},{"start":{"line":587,"column":2},"end":{"line":589,"column":3}}],"line":587},"54":{"loc":{"start":{"line":591,"column":2},"end":{"line":593,"column":3}},"type":"if","locations":[{"start":{"line":591,"column":2},"end":{"line":593,"column":3}},{"start":{"line":591,"column":2},"end":{"line":593,"column":3}}],"line":591},"55":{"loc":{"start":{"line":605,"column":2},"end":{"line":605,"column":25}},"type":"if","locations":[{"start":{"line":605,"column":2},"end":{"line":605,"column":25}},{"start":{"line":605,"column":2},"end":{"line":605,"column":25}}],"line":605},"56":{"loc":{"start":{"line":609,"column":2},"end":{"line":617,"column":3}},"type":"if","locations":[{"start":{"line":609,"column":2},"end":{"line":617,"column":3}},{"start":{"line":609,"column":2},"end":{"line":617,"column":3}}],"line":609},"57":{"loc":{"start":{"line":610,"column":4},"end":{"line":616,"column":5}},"type":"if","locations":[{"start":{"line":610,"column":4},"end":{"line":616,"column":5}},{"start":{"line":610,"column":4},"end":{"line":616,"column":5}}],"line":610},"58":{"loc":{"start":{"line":621,"column":25},"end":{"line":621,"column":59}},"type":"binary-expr","locations":[{"start":{"line":621,"column":25},"end":{"line":621,"column":29}},{"start":{"line":621,"column":33},"end":{"line":621,"column":59}}],"line":621},"59":{"loc":{"start":{"line":622,"column":2},"end":{"line":624,"column":3}},"type":"if","locations":[{"start":{"line":622,"column":2},"end":{"line":624,"column":3}},{"start":{"line":622,"column":2},"end":{"line":624,"column":3}}],"line":622},"60":{"loc":{"start":{"line":622,"column":6},"end":{"line":622,"column":45}},"type":"binary-expr","locations":[{"start":{"line":622,"column":6},"end":{"line":622,"column":20}},{"start":{"line":622,"column":24},"end":{"line":622,"column":45}}],"line":622},"61":{"loc":{"start":{"line":630,"column":2},"end":{"line":640,"column":3}},"type":"if","locations":[{"start":{"line":630,"column":2},"end":{"line":640,"column":3}},{"start":{"line":630,"column":2},"end":{"line":640,"column":3}}],"line":630},"62":{"loc":{"start":{"line":630,"column":6},"end":{"line":630,"column":80}},"type":"binary-expr","locations":[{"start":{"line":630,"column":6},"end":{"line":630,"column":16}},{"start":{"line":630,"column":20},"end":{"line":630,"column":41}},{"start":{"line":630,"column":45},"end":{"line":630,"column":80}}],"line":630},"63":{"loc":{"start":{"line":635,"column":6},"end":{"line":638,"column":7}},"type":"if","locations":[{"start":{"line":635,"column":6},"end":{"line":638,"column":7}},{"start":{"line":635,"column":6},"end":{"line":638,"column":7}}],"line":635},"64":{"loc":{"start":{"line":635,"column":10},"end":{"line":635,"column":49}},"type":"binary-expr","locations":[{"start":{"line":635,"column":10},"end":{"line":635,"column":24}},{"start":{"line":635,"column":28},"end":{"line":635,"column":49}}],"line":635},"65":{"loc":{"start":{"line":648,"column":2},"end":{"line":658,"column":3}},"type":"if","locations":[{"start":{"line":648,"column":2},"end":{"line":658,"column":3}},{"start":{"line":648,"column":2},"end":{"line":658,"column":3}}],"line":648},"66":{"loc":{"start":{"line":648,"column":6},"end":{"line":648,"column":75}},"type":"binary-expr","locations":[{"start":{"line":648,"column":6},"end":{"line":648,"column":16}},{"start":{"line":648,"column":20},"end":{"line":648,"column":41}},{"start":{"line":648,"column":45},"end":{"line":648,"column":75}}],"line":648},"67":{"loc":{"start":{"line":653,"column":6},"end":{"line":656,"column":7}},"type":"if","locations":[{"start":{"line":653,"column":6},"end":{"line":656,"column":7}},{"start":{"line":653,"column":6},"end":{"line":656,"column":7}}],"line":653},"68":{"loc":{"start":{"line":653,"column":10},"end":{"line":653,"column":49}},"type":"binary-expr","locations":[{"start":{"line":653,"column":10},"end":{"line":653,"column":24}},{"start":{"line":653,"column":28},"end":{"line":653,"column":49}}],"line":653},"69":{"loc":{"start":{"line":664,"column":2},"end":{"line":664,"column":25}},"type":"if","locations":[{"start":{"line":664,"column":2},"end":{"line":664,"column":25}},{"start":{"line":664,"column":2},"end":{"line":664,"column":25}}],"line":664},"70":{"loc":{"start":{"line":668,"column":4},"end":{"line":670,"column":5}},"type":"if","locations":[{"start":{"line":668,"column":4},"end":{"line":670,"column":5}},{"start":{"line":668,"column":4},"end":{"line":670,"column":5}}],"line":668},"71":{"loc":{"start":{"line":668,"column":8},"end":{"line":668,"column":58}},"type":"binary-expr","locations":[{"start":{"line":668,"column":8},"end":{"line":668,"column":33}},{"start":{"line":668,"column":37},"end":{"line":668,"column":58}}],"line":668}},"s":{"0":1,"1":1,"2":1,"3":1,"4":45,"5":45,"6":35,"7":10,"8":10,"9":10,"10":10,"11":10,"12":10,"13":10,"14":10,"15":1,"16":9,"17":9,"18":4,"19":9,"20":7,"21":10,"22":4,"23":6,"24":2,"25":4,"26":7,"27":7,"28":9,"29":5,"30":7,"31":5,"32":3,"33":32,"34":32,"35":1,"36":31,"37":31,"38":31,"39":31,"40":49,"41":49,"42":42,"43":7,"44":7,"45":4,"46":7,"47":5,"48":2,"49":31,"50":48,"51":96,"52":96,"53":49,"54":31,"55":1,"56":30,"57":33,"58":33,"59":0,"60":33,"61":33,"62":33,"63":33,"64":56,"65":56,"66":44,"67":12,"68":12,"69":10,"70":12,"71":7,"72":5,"73":33,"74":56,"75":112,"76":112,"77":54,"78":13,"79":15,"80":41,"81":33,"82":3,"83":30,"84":41,"85":41,"86":34,"87":7,"88":7,"89":7,"90":7,"91":7,"92":7,"93":7,"94":2,"95":5,"96":6,"97":6,"98":6,"99":6,"100":2,"101":4,"102":4,"103":2,"104":7,"105":2,"106":5,"107":1,"108":4,"109":6,"110":6,"111":6,"112":6,"113":6,"114":4,"115":4,"116":2,"117":4,"118":3,"119":3,"120":1,"121":48,"122":48,"123":1,"124":47,"125":47,"126":47,"127":47,"128":47,"129":66,"130":66,"131":66,"132":66,"133":66,"134":9,"135":66,"136":8,"137":66,"138":3,"139":47,"140":47,"141":47,"142":47,"143":47,"144":13,"145":34,"146":35,"147":35,"148":35,"149":35,"150":35,"151":35,"152":35,"153":35,"154":35,"155":35,"156":35,"157":35,"158":1,"159":35,"160":3,"161":35,"162":1,"163":35,"164":1,"165":35,"166":1,"167":35,"168":35,"169":6,"170":29,"171":35,"172":35,"173":35,"174":1,"175":35,"176":35,"177":35,"178":8,"179":8,"180":8,"181":1,"182":1,"183":35,"184":35,"185":35,"186":0,"187":35,"188":35,"189":35,"190":48,"191":35,"192":48,"193":30,"194":48,"195":19,"196":49,"197":0,"198":49,"199":49,"200":49,"201":10,"202":12,"203":39,"204":100,"205":100,"206":5,"207":35,"208":35,"209":10,"210":10,"211":10,"212":1,"213":1,"214":35,"215":35,"216":35,"217":17,"218":19,"219":19,"220":2,"221":2,"222":35,"223":43,"224":33,"225":10,"226":24,"227":10,"228":24,"229":10,"230":24,"231":1},"f":{"0":45,"1":10,"2":7,"3":9,"4":7,"5":32,"6":49,"7":4,"8":48,"9":96,"10":33,"11":56,"12":10,"13":56,"14":112,"15":15,"16":41,"17":7,"18":6,"19":6,"20":6,"21":4,"22":48,"23":66,"24":35,"25":35,"26":35,"27":8,"28":35,"29":48,"30":48,"31":49,"32":12,"33":100,"34":35,"35":10,"36":35,"37":19,"38":43,"39":24,"40":24},"b":{"0":[35,10],"1":[1,9],"2":[4,5],"3":[0,4],"4":[7,2],"5":[4,6],"6":[2,4],"7":[5,4],"8":[9,5],"9":[3,2],"10":[1,31],"11":[42,7],"12":[5,2],"13":[49,47],"14":[1,30],"15":[0,33],"16":[41],"17":[44,12],"18":[7,5],"19":[54,58],"20":[112,57],"21":[13,41],"22":[3,30],"23":[34,7],"24":[2,5],"25":[2,4],"26":[2,2],"27":[2,5],"28":[1,4],"29":[6,6],"30":[5,1],"31":[4,2],"32":[3,1],"33":[1,47],"34":[9,57],"35":[8,58],"36":[3,63],"37":[13,34],"38":[47,41,36],"39":[1,34],"40":[3,32],"41":[1,34],"42":[1,34],"43":[1,34],"44":[6,29],"45":[35,1],"46":[1,34],"47":[35,1],"48":[8,27],"49":[35,35,21],"50":[1,7],"51":[8,1],"52":[0,35],"53":[30,18],"54":[19,29],"55":[0,49],"56":[49,0],"57":[10,39],"58":[100,5],"59":[5,95],"60":[100,5],"61":[10,25],"62":[35,35,21],"63":[1,9],"64":[10,1],"65":[17,18],"66":[35,35,21],"67":[2,17],"68":[19,2],"69":[33,10],"70":[10,14],"71":[24,10]},"_coverageSchema":"1a1c01bbd47fc00a2c39e90264f33305004495a9","hash":"a0df3c09f0df710d02bcaa7f3be22f8d3e62078c","contentHash":"ea1ed08b4aa5556df9d7e84ddabb6b0e78de0ae0208ff141afab1e10c3bfde04"},"/Users/matatjahu/Documents/AsyncAPI/parser-js/lib/models/operation.js":{"path":"/Users/matatjahu/Documents/AsyncAPI/parser-js/lib/models/operation.js","statementMap":{"0":{"start":{"line":1,"column":27},"end":{"line":1,"column":59}},"1":{"start":{"line":2,"column":16},"end":{"line":2,"column":36}},"2":{"start":{"line":3,"column":23},"end":{"line":3,"column":51}},"3":{"start":{"line":4,"column":37},"end":{"line":4,"column":80}},"4":{"start":{"line":18,"column":4},"end":{"line":18,"column":107}},"5":{"start":{"line":18,"column":95},"end":{"line":18,"column":107}},"6":{"start":{"line":20,"column":4},"end":{"line":20,"column":42}},"7":{"start":{"line":20,"column":29},"end":{"line":20,"column":42}},"8":{"start":{"line":21,"column":4},"end":{"line":21,"column":17}},"9":{"start":{"line":28,"column":19},"end":{"line":28,"column":78}},"10":{"start":{"line":29,"column":4},"end":{"line":29,"column":27}},"11":{"start":{"line":29,"column":17},"end":{"line":29,"column":27}},"12":{"start":{"line":30,"column":4},"end":{"line":30,"column":50}},"13":{"start":{"line":30,"column":27},"end":{"line":30,"column":48}},"14":{"start":{"line":37,"column":4},"end":{"line":37,"column":75}},"15":{"start":{"line":44,"column":4},"end":{"line":44,"column":39}},"16":{"start":{"line":44,"column":29},"end":{"line":44,"column":39}},"17":{"start":{"line":45,"column":4},"end":{"line":45,"column":91}},"18":{"start":{"line":45,"column":34},"end":{"line":45,"column":91}},"19":{"start":{"line":45,"column":75},"end":{"line":45,"column":89}},"20":{"start":{"line":46,"column":4},"end":{"line":46,"column":45}},"21":{"start":{"line":53,"column":4},"end":{"line":53,"column":41}},"22":{"start":{"line":53,"column":29},"end":{"line":53,"column":41}},"23":{"start":{"line":54,"column":4},"end":{"line":54,"column":123}},"24":{"start":{"line":54,"column":75},"end":{"line":54,"column":123}},"25":{"start":{"line":55,"column":4},"end":{"line":55,"column":74}},"26":{"start":{"line":55,"column":35},"end":{"line":55,"column":74}},"27":{"start":{"line":56,"column":4},"end":{"line":56,"column":47}},"28":{"start":{"line":56,"column":35},"end":{"line":56,"column":47}},"29":{"start":{"line":57,"column":4},"end":{"line":57,"column":65}},"30":{"start":{"line":57,"column":53},"end":{"line":57,"column":65}},"31":{"start":{"line":58,"column":4},"end":{"line":58,"column":57}},"32":{"start":{"line":65,"column":4},"end":{"line":65,"column":42}},"33":{"start":{"line":65,"column":30},"end":{"line":65,"column":42}},"34":{"start":{"line":66,"column":4},"end":{"line":66,"column":81}},"35":{"start":{"line":66,"column":42},"end":{"line":66,"column":79}},"36":{"start":{"line":70,"column":0},"end":{"line":70,"column":27}}},"fnMap":{"0":{"name":"(anonymous_0)","decl":{"start":{"line":17,"column":2},"end":{"line":17,"column":3}},"loc":{"start":{"line":17,"column":24},"end":{"line":22,"column":3}},"line":17},"1":{"name":"(anonymous_1)","decl":{"start":{"line":27,"column":2},"end":{"line":27,"column":3}},"loc":{"start":{"line":27,"column":11},"end":{"line":31,"column":3}},"line":27},"2":{"name":"(anonymous_2)","decl":{"start":{"line":30,"column":22},"end":{"line":30,"column":23}},"loc":{"start":{"line":30,"column":27},"end":{"line":30,"column":48}},"line":30},"3":{"name":"(anonymous_3)","decl":{"start":{"line":36,"column":2},"end":{"line":36,"column":3}},"loc":{"start":{"line":36,"column":14},"end":{"line":38,"column":3}},"line":36},"4":{"name":"(anonymous_4)","decl":{"start":{"line":43,"column":2},"end":{"line":43,"column":3}},"loc":{"start":{"line":43,"column":13},"end":{"line":47,"column":3}},"line":43},"5":{"name":"(anonymous_5)","decl":{"start":{"line":45,"column":70},"end":{"line":45,"column":71}},"loc":{"start":{"line":45,"column":75},"end":{"line":45,"column":89}},"line":45},"6":{"name":"(anonymous_6)","decl":{"start":{"line":52,"column":2},"end":{"line":52,"column":3}},"loc":{"start":{"line":52,"column":17},"end":{"line":59,"column":3}},"line":52},"7":{"name":"(anonymous_7)","decl":{"start":{"line":64,"column":2},"end":{"line":64,"column":3}},"loc":{"start":{"line":64,"column":13},"end":{"line":67,"column":3}},"line":64},"8":{"name":"(anonymous_8)","decl":{"start":{"line":66,"column":35},"end":{"line":66,"column":36}},"loc":{"start":{"line":66,"column":42},"end":{"line":66,"column":79}},"line":66}},"branchMap":{"0":{"loc":{"start":{"line":18,"column":4},"end":{"line":18,"column":107}},"type":"if","locations":[{"start":{"line":18,"column":4},"end":{"line":18,"column":107}},{"start":{"line":18,"column":4},"end":{"line":18,"column":107}}],"line":18},"1":{"loc":{"start":{"line":18,"column":8},"end":{"line":18,"column":93}},"type":"binary-expr","locations":[{"start":{"line":18,"column":8},"end":{"line":18,"column":26}},{"start":{"line":18,"column":30},"end":{"line":18,"column":54}},{"start":{"line":18,"column":58},"end":{"line":18,"column":93}}],"line":18},"2":{"loc":{"start":{"line":20,"column":4},"end":{"line":20,"column":42}},"type":"if","locations":[{"start":{"line":20,"column":4},"end":{"line":20,"column":42}},{"start":{"line":20,"column":4},"end":{"line":20,"column":42}}],"line":20},"3":{"loc":{"start":{"line":28,"column":19},"end":{"line":28,"column":78}},"type":"binary-expr","locations":[{"start":{"line":28,"column":19},"end":{"line":28,"column":57}},{"start":{"line":28,"column":61},"end":{"line":28,"column":78}}],"line":28},"4":{"loc":{"start":{"line":29,"column":4},"end":{"line":29,"column":27}},"type":"if","locations":[{"start":{"line":29,"column":4},"end":{"line":29,"column":27}},{"start":{"line":29,"column":4},"end":{"line":29,"column":27}}],"line":29},"5":{"loc":{"start":{"line":37,"column":11},"end":{"line":37,"column":74}},"type":"binary-expr","locations":[{"start":{"line":37,"column":11},"end":{"line":37,"column":51}},{"start":{"line":37,"column":55},"end":{"line":37,"column":74}}],"line":37},"6":{"loc":{"start":{"line":44,"column":4},"end":{"line":44,"column":39}},"type":"if","locations":[{"start":{"line":44,"column":4},"end":{"line":44,"column":39}},{"start":{"line":44,"column":4},"end":{"line":44,"column":39}}],"line":44},"7":{"loc":{"start":{"line":45,"column":4},"end":{"line":45,"column":91}},"type":"if","locations":[{"start":{"line":45,"column":4},"end":{"line":45,"column":91}},{"start":{"line":45,"column":4},"end":{"line":45,"column":91}}],"line":45},"8":{"loc":{"start":{"line":53,"column":4},"end":{"line":53,"column":41}},"type":"if","locations":[{"start":{"line":53,"column":4},"end":{"line":53,"column":41}},{"start":{"line":53,"column":4},"end":{"line":53,"column":41}}],"line":53},"9":{"loc":{"start":{"line":54,"column":4},"end":{"line":54,"column":123}},"type":"if","locations":[{"start":{"line":54,"column":4},"end":{"line":54,"column":123}},{"start":{"line":54,"column":4},"end":{"line":54,"column":123}}],"line":54},"10":{"loc":{"start":{"line":54,"column":8},"end":{"line":54,"column":73}},"type":"binary-expr","locations":[{"start":{"line":54,"column":8},"end":{"line":54,"column":32}},{"start":{"line":54,"column":36},"end":{"line":54,"column":73}}],"line":54},"11":{"loc":{"start":{"line":55,"column":4},"end":{"line":55,"column":74}},"type":"if","locations":[{"start":{"line":55,"column":4},"end":{"line":55,"column":74}},{"start":{"line":55,"column":4},"end":{"line":55,"column":74}}],"line":55},"12":{"loc":{"start":{"line":56,"column":4},"end":{"line":56,"column":47}},"type":"if","locations":[{"start":{"line":56,"column":4},"end":{"line":56,"column":47}},{"start":{"line":56,"column":4},"end":{"line":56,"column":47}}],"line":56},"13":{"loc":{"start":{"line":57,"column":4},"end":{"line":57,"column":65}},"type":"if","locations":[{"start":{"line":57,"column":4},"end":{"line":57,"column":65}},{"start":{"line":57,"column":4},"end":{"line":57,"column":65}}],"line":57},"14":{"loc":{"start":{"line":65,"column":4},"end":{"line":65,"column":42}},"type":"if","locations":[{"start":{"line":65,"column":4},"end":{"line":65,"column":42}},{"start":{"line":65,"column":4},"end":{"line":65,"column":42}}],"line":65}},"s":{"0":1,"1":1,"2":1,"3":1,"4":0,"5":0,"6":0,"7":0,"8":0,"9":2,"10":2,
[...]
7},"14":{"loc":{"start":{"line":108,"column":5},"end":{"line":108,"column":25}},"type":"binary-expr","locations":[{"start":{"line":108,"column":5},"end":{"line":108,"column":19}},{"start":{"line":108,"column":23},"end":{"line":108,"column":25}}],"line":108},"15":{"loc":{"start":{"line":112,"column":2},"end":{"line":116,"column":3}},"type":"if","locations":[{"start":{"line":112,"column":2},"end":{"line":116,"column":3}},{"start":{"line":112,"column":2},"end":{"line":116,"column":3}}],"line":112},"16":{"loc":{"start":{"line":113,"column":5},"end":{"line":113,"column":25}},"type":"binary-expr","locations":[{"start":{"line":113,"column":5},"end":{"line":113,"column":19}},{"start":{"line":113,"column":23},"end":{"line":113,"column":25}}],"line":113},"17":{"loc":{"start":{"line":117,"column":2},"end":{"line":121,"column":3}},"type":"if","locations":[{"start":{"line":117,"column":2},"end":{"line":121,"column":3}},{"start":{"line":117,"column":2},"end":{"line":121,"column":3}}],"line":117},"18":{"loc":{"start":{"line":118,"column":5},"end":{"line":118,"column":25}},"type":"binary-expr","locations":[{"start":{"line":118,"column":5},"end":{"line":118,"column":19}},{"start":{"line":118,"column":23},"end":{"line":118,"column":25}}],"line":118},"19":{"loc":{"start":{"line":122,"column":2},"end":{"line":124,"column":3}},"type":"if","locations":[{"start":{"line":122,"column":2},"end":{"line":124,"column":3}},{"start":{"line":122,"column":2},"end":{"line":124,"column":3}}],"line":122},"20":{"loc":{"start":{"line":122,"column":6},"end":{"line":122,"column":78}},"type":"binary-expr","locations":[{"start":{"line":122,"column":6},"end":{"line":122,"column":62}},{"start":{"line":122,"column":66},"end":{"line":122,"column":78}}],"line":122},"21":{"loc":{"start":{"line":125,"column":2},"end":{"line":127,"column":3}},"type":"if","locations":[{"start":{"line":125,"column":2},"end":{"line":127,"column":3}},{"start":{"line":125,"column":2},"end":{"line":127,"column":3}}],"line":125},"22":{"loc":{"start":{"line":125,"column":6},"end":{"line":125,"column":76}},"type":"binary-expr","locations":[{"start":{"line":125,"column":6},"end":{"line":125,"column":61}},{"start":{"line":125,"column":65},"end":{"line":125,"column":76}}],"line":125},"23":{"loc":{"start":{"line":128,"column":2},"end":{"line":130,"column":3}},"type":"if","locations":[{"start":{"line":128,"column":2},"end":{"line":130,"column":3}},{"start":{"line":128,"column":2},"end":{"line":130,"column":3}}],"line":128},"24":{"loc":{"start":{"line":128,"column":6},"end":{"line":128,"column":81}},"type":"binary-expr","locations":[{"start":{"line":128,"column":6},"end":{"line":128,"column":64}},{"start":{"line":128,"column":68},"end":{"line":128,"column":81}}],"line":128},"25":{"loc":{"start":{"line":131,"column":2},"end":{"line":133,"column":3}},"type":"if","locations":[{"start":{"line":131,"column":2},"end":{"line":133,"column":3}},{"start":{"line":131,"column":2},"end":{"line":133,"column":3}}],"line":131},"26":{"loc":{"start":{"line":131,"column":6},"end":{"line":131,"column":80}},"type":"binary-expr","locations":[{"start":{"line":131,"column":6},"end":{"line":131,"column":63}},{"start":{"line":131,"column":67},"end":{"line":131,"column":80}}],"line":131},"27":{"loc":{"start":{"line":134,"column":2},"end":{"line":141,"column":3}},"type":"if","locations":[{"start":{"line":134,"column":2},"end":{"line":141,"column":3}},{"start":{"line":134,"column":2},"end":{"line":141,"column":3}}],"line":134},"28":{"loc":{"start":{"line":135,"column":19},"end":{"line":135,"column":46}},"type":"binary-expr","locations":[{"start":{"line":135,"column":19},"end":{"line":135,"column":40}},{"start":{"line":135,"column":44},"end":{"line":135,"column":46}}],"line":135},"29":{"loc":{"start":{"line":137,"column":6},"end":{"line":139,"column":7}},"type":"if","locations":[{"start":{"line":137,"column":6},"end":{"line":139,"column":7}},{"start":{"line":137,"column":6},"end":{"line":139,"column":7}}],"line":137},"30":{"loc":{"start":{"line":137,"column":10},"end":{"line":137,"column":36}},"type":"binary-expr","locations":[{"start":{"line":137,"column":10},"end":{"line":137,"column":13}},{"start":{"line":137,"column":17},"end":{"line":137,"column":36}}],"line":137},"31":{"loc":{"start":{"line":142,"column":2},"end":{"line":146,"column":3}},"type":"if","locations":[{"start":{"line":142,"column":2},"end":{"line":146,"column":3}},{"start":{"line":142,"column":2},"end":{"line":146,"column":3}}],"line":142},"32":{"loc":{"start":{"line":143,"column":19},"end":{"line":143,"column":45}},"type":"binary-expr","locations":[{"start":{"line":143,"column":19},"end":{"line":143,"column":39}},{"start":{"line":143,"column":43},"end":{"line":143,"column":45}}],"line":143},"33":{"loc":{"start":{"line":163,"column":17},"end":{"line":163,"column":42}},"type":"binary-expr","locations":[{"start":{"line":163,"column":17},"end":{"line":163,"column":36}},{"start":{"line":163,"column":40},"end":{"line":163,"column":42}}],"line":163},"34":{"loc":{"start":{"line":168,"column":2},"end":{"line":170,"column":3}},"type":"if","locations":[{"start":{"line":168,"column":2},"end":{"line":170,"column":3}},{"start":{"line":168,"column":2},"end":{"line":170,"column":3}}],"line":168},"35":{"loc":{"start":{"line":173,"column":2},"end":{"line":175,"column":3}},"type":"if","locations":[{"start":{"line":173,"column":2},"end":{"line":175,"column":3}},{"start":{"line":173,"column":2},"end":{"line":175,"column":3}}],"line":173},"36":{"loc":{"start":{"line":173,"column":6},"end":{"line":173,"column":97}},"type":"binary-expr","locations":[{"start":{"line":173,"column":6},"end":{"line":173,"column":71}},{"start":{"line":173,"column":75},"end":{"line":173,"column":97}}],"line":173},"37":{"loc":{"start":{"line":176,"column":2},"end":{"line":180,"column":3}},"type":"if","locations":[{"start":{"line":176,"column":2},"end":{"line":180,"column":3}},{"start":{"line":176,"column":2},"end":{"line":180,"column":3}}],"line":176},"38":{"loc":{"start":{"line":177,"column":19},"end":{"line":177,"column":51}},"type":"binary-expr","locations":[{"start":{"line":177,"column":19},"end":{"line":177,"column":45}},{"start":{"line":177,"column":49},"end":{"line":177,"column":51}}],"line":177},"39":{"loc":{"start":{"line":194,"column":2},"end":{"line":202,"column":3}},"type":"if","locations":[{"start":{"line":194,"column":2},"end":{"line":202,"column":3}},{"start":{"line":194,"column":2},"end":{"line":202,"column":3}}],"line":194},"40":{"loc":{"start":{"line":195,"column":4},"end":{"line":201,"column":5}},"type":"if","locations":[{"start":{"line":195,"column":4},"end":{"line":201,"column":5}},{"start":{"line":195,"column":4},"end":{"line":201,"column":5}}],"line":195},"41":{"loc":{"start":{"line":205,"column":2},"end":{"line":207,"column":3}},"type":"if","locations":[{"start":{"line":205,"column":2},"end":{"line":207,"column":3}},{"start":{"line":205,"column":2},"end":{"line":207,"column":3}}],"line":205},"42":{"loc":{"start":{"line":209,"column":2},"end":{"line":211,"column":3}},"type":"if","locations":[{"start":{"line":209,"column":2},"end":{"line":211,"column":3}},{"start":{"line":209,"column":2},"end":{"line":211,"column":3}}],"line":209},"43":{"loc":{"start":{"line":209,"column":6},"end":{"line":209,"column":95}},"type":"binary-expr","locations":[{"start":{"line":209,"column":6},"end":{"line":209,"column":74}},{"start":{"line":209,"column":78},"end":{"line":209,"column":95}}],"line":209},"44":{"loc":{"start":{"line":223,"column":2},"end":{"line":225,"column":3}},"type":"if","locations":[{"start":{"line":223,"column":2},"end":{"line":225,"column":3}},{"start":{"line":223,"column":2},"end":{"line":225,"column":3}}],"line":223},"45":{"loc":{"start":{"line":228,"column":2},"end":{"line":232,"column":3}},"type":"if","locations":[{"start":{"line":228,"column":2},"end":{"line":232,"column":3}},{"start":{"line":228,"column":2},"end":{"line":232,"column":3}}],"line":228},"46":{"loc":{"start":{"line":233,"column":2},"end":{"line":249,"column":3}},"type":"if","locations":[{"start":{"line":233,"column":2},"end":{"line":249,"column":3}},{"start":{"line":233,"column":2},"end":{"line":249,"column":3}}],"line":233},"47":{"loc":{"start":{"line":233,"column":6},"end":{"line":233,"column":91}},"type":"binary-expr","locations":[{"start":{"line":233,"column":6},"end":{"line":233,"column":68}},{"start":{"line":233,"column":72},"end":{"line":233,"column":91}}],"line":233},"48":{"loc":{"start":{"line":235,"column":18},"end":{"line":235,"column":45}},"type":"binary-expr","locations":[{"start":{"line":235,"column":18},"end":{"line":235,"column":39}},{"start":{"line":235,"column":43},"end":{"line":235,"column":45}}],"line":235},"49":{"loc":{"start":{"line":238,"column":18},"end":{"line":238,"column":44}},"type":"binary-expr","locations":[{"start":{"line":238,"column":18},"end":{"line":238,"column":38}},{"start":{"line":238,"column":42},"end":{"line":238,"column":44}}],"line":238},"50":{"loc":{"start":{"line":241,"column":4},"end":{"line":245,"column":5}},"type":"if","locations":[{"start":{"line":241,"column":4},"end":{"line":245,"column":5}},{"start":{"line":241,"column":4},"end":{"line":245,"column":5}}],"line":241},"51":{"loc":{"start":{"line":242,"column":20},"end":{"line":242,"column":49}},"type":"binary-expr","locations":[{"start":{"line":242,"column":20},"end":{"line":242,"column":43}},{"start":{"line":242,"column":47},"end":{"line":242,"column":49}}],"line":242},"52":{"loc":{"start":{"line":246,"column":18},"end":{"line":246,"column":50}},"type":"binary-expr","locations":[{"start":{"line":246,"column":18},"end":{"line":246,"column":44}},{"start":{"line":246,"column":48},"end":{"line":246,"column":50}}],"line":246},"53":{"loc":{"start":{"line":263,"column":2},"end":{"line":263,"column":23}},"type":"if","locations":[{"start":{"line":263,"column":2},"end":{"line":263,"column":23}},{"start":{"line":263,"column":2},"end":{"line":263,"column":23}}],"line":263},"54":{"loc":{"start":{"line":265,"column":2},"end":{"line":269,"column":3}},"type":"if","locations":[{"start":{"line":265,"column":2},"end":{"line":269,"column":3}},{"start":{"line":265,"column":2},"end":{"line":269,"column":3}}],"line":265},"55":{"loc":{"start":{"line":266,"column":18},"end":{"line":266,"column":44}},"type":"binary-expr","locations":[{"start":{"line":266,"column":18},"end":{"line":266,"column":38}},{"start":{"line":266,"column":42},"end":{"line":266,"column":44}}],"line":266},"56":{"loc":{"start":{"line":270,"column":2},"end":{"line":274,"column":3}},"type":"if","locations":[{"start":{"line":270,"column":2},"end":{"line":274,"column":3}},{"start":{"line":270,"column":2},"end":{"line":274,"column":3}}],"line":270},"57":{"loc":{"start":{"line":275,"column":2},"end":{"line":279,"column":3}},"type":"if","locations":[{"start":{"line":275,"column":2},"end":{"line":279,"column":3}},{"start":{"line":275,"column":2},"end":{"line":279,"column":3}}],"line":275},"58":{"loc":{"start":{"line":293,"column":2},"end":{"line":293,"column":23}},"type":"if","locations":[{"start":{"line":293,"column":2},"end":{"line":293,"column":23}},{"start":{"line":293,"column":2},"end":{"line":293,"column":23}}],"line":293},"59":{"loc":{"start":{"line":295,"column":2},"end":{"line":297,"column":3}},"type":"if","locations":[{"start":{"line":295,"column":2},"end":{"line":297,"column":3}},{"start":{"line":295,"column":2},"end":{"line":297,"column":3}}],"line":295},"60":{"loc":{"start":{"line":298,"column":2},"end":{"line":300,"column":3}},"type":"if","locations":[{"start":{"line":298,"column":2},"end":{"line":300,"column":3}},{"start":{"line":298,"column":2},"end":{"line":300,"column":3}}],"line":298},"61":{"loc":{"start":{"line":314,"column":2},"end":{"line":314,"column":28}},"type":"if","locations":[{"start":{"line":314,"column":2},"end":{"line":314,"column":28}},{"start":{"line":314,"column":2},"end":{"line":314,"column":28}}],"line":314},"62":{"loc":{"start":{"line":316,"column":2},"end":{"line":318,"column":3}},"type":"if","locations":[{"start":{"line":316,"column":2},"end":{"line":318,"column":3}},{"start":{"line":316,"column":2},"end":{"line":318,"column":3}}],"line":316}},"s":{"0":1,"1":1,"2":1402,"3":103,"4":1299,"5":1299,"6":1299,"7":48,"8":1251,"9":1251,"10":1251,"11":1142,"12":1251,"13":0,"14":1251,"15":4,"16":1247,"17":0,"18":1247,"19":407,"20":1247,"21":108,"22":1247,"23":1122,"24":6,"25":1247,"26":1122,"27":12,"28":1247,"29":1122,"30":66,"31":1247,"32":13,"33":1247,"34":22,"35":1247,"36":22,"37":1247,"38":20,"39":1247,"40":1202,"41":60,"42":40,"43":1247,"44":1202,"45":40,"46":1247,"47":1247,"48":407,"49":638,"50":407,"51":407,"52":2,"53":407,"54":407,"55":13,"56":407,"57":401,"58":46,"59":108,"60":108,"61":86,"62":62,"63":84,"64":24,"65":108,"66":108,"67":2,"68":108,"69":15,"70":91,"71":82,"72":91,"73":91,"74":69,"75":114,"76":91,"77":49,"78":49,"79":21,"80":49,"81":65,"82":49,"83":48,"84":0,"85":49,"86":9,"87":114,"88":0,"89":114,"90":114,"91":112,"92":25,"93":114,"94":57,"95":56,"96":114,"97":44,"98":44,"99":121,"100":0,"101":121,"102":121,"103":119,"104":121,"105":119,"106":9,"107":0,"108":9,"109":9,"110":9,"111":1},"f":{"0":1402,"1":6,"2":12,"3":66,"4":60,"5":40,"6":407,"7":638,"8":46,"9":108,"10":84,"11":91,"12":114,"13":21,"14":65,"15":0,"16":9,"17":114,"18":25,"19":56,"20":44,"21":121,"22":9},"b":{"0":[103,1299],"1":[48,1251],"2":[1251,86],"3":[1142,109],"4":[0,1251],"5":[1251,0],"6":[4,1247],"7":[1251,33],"8":[0,1247],"9":[407,840],"10":[1247,1247],"11":[108,1139],"12":[1247,1218],"13":[1122,125],"14":[1122,1120],"15":[1122,125],"16":[1122,1120],"17":[1122,125],"18":[1122,1089],"19":[13,1234],"20":[1247,982],"21":[22,1225],"22":[1247,1203],"23":[22,1225],"24":[1247,1203],"25":[20,1227],"26":[1247,1203],"27":[1202,45],"28":[1202,1182],"29":[40,20],"30":[60,60],"31":[1202,45],"32":[1202,0],"33":[407,0],"34":[2,405],"35":[13,394],"36":[407,328],"37":[401,6],"38":[401,0],"39":[86,22],"40":[62,24],"41":[2,106],"42":[15,93],"43":[108,80],"44":[82,9],"45":[69,22],"46":[49,42],"47":[91,90],"48":[49,0],"49":[49,0],"50":[48,1],"51":[48,0],"52":[49,0],"53":[0,114],"54":[112,2],"55":[112,0],"56":[57,57],"57":[44,70],"58":[0,121],"59":[119,2],"60":[119,2],"61":[0,9],"62":[9,0]},"_coverageSchema":"1a1c01bbd47fc00a2c39e90264f33305004495a9","hash":"dd3e4aabfe530314dfd5e7c684c943aa4ee1f14b","contentHash":"c336c0dda96aa8cefd92c48a4c357ac28062f29450362d93a19bd711387b4bf0"},"/Users/matatjahu/Documents/AsyncAPI/parser-js/lib/asyncapiSchemaFormatParser.js":{"path":"/Users/matatjahu/Documents/AsyncAPI/parser-js/lib/asyncapiSchemaFormatParser.js","statementMap":{"0":{"start":{"line":1,"column":12},"end":{"line":1,"column":26}},"1":{"start":{"line":2,"column":20},"end":{"line":2,"column":52}},"2":{"start":{"line":3,"column":17},"end":{"line":3,"column":43}},"3":{"start":{"line":4,"column":29},"end":{"line":4,"column":47}},"4":{"start":{"line":5,"column":18},"end":{"line":5,"column":45}},"5":{"start":{"line":7,"column":12},"end":{"line":12,"column":2}},"6":{"start":{"line":13,"column":0},"end":{"line":13,"column":69}},"7":{"start":{"line":15,"column":0},"end":{"line":18,"column":2}},"8":{"start":{"line":24,"column":18},"end":{"line":24,"column":33}},"9":{"start":{"line":25,"column":2},"end":{"line":25,"column":23}},"10":{"start":{"line":25,"column":16},"end":{"line":25,"column":23}},"11":{"start":{"line":27,"column":2},"end":{"line":27,"column":91}},"12":{"start":{"line":28,"column":2},"end":{"line":28,"column":68}},"13":{"start":{"line":30,"column":19},"end":{"line":30,"column":64}},"14":{"start":{"line":31,"column":16},"end":{"line":31,"column":33}},"15":{"start":{"line":32,"column":17},"end":{"line":32,"column":56}},"16":{"start":{"line":34,"column":2},"end":{"line":39,"column":5}},"17":{"start":{"line":34,"column":14},"end":{"line":39,"column":5}},"18":{"start":{"line":46,"column":20},"end":{"line":50,"column":3}},"19":{"start":{"line":51,"column":2},"end":{"line":57,"column":5}},"20":{"start":{"line":52,"column":4},"end":{"line":56,"column":6}},"21":{"start":{"line":58,"column":2},"end":{"line":58,"column":19}},"22":{"start":{"line":69,"column":17},"end":{"line":69,"column":39}},"23":{"start":{"line":70,"column":2},"end":{"line":74,"column":3}},"24":{"start":{"line":71,"column":26},"end":{"line":71,"column":82}},"25":{"start":{"line":72,"column":4},"end":{"line":72,"column":42}},"26":{"start":{"line":73,"column":4},"end":{"line":73,"column":38}},"27":{"start":{"line":75,"column":2},"end":{"line":75,"column":18}},"28":{"start":{"line":88,"column":24},"end":{"line":88,"column":80}},"29":{"start":{"line":89,"column":22},"end":{"line":89,"column":48}},"30":{"start":{"line":91,"column":2},"end":{"line":91,"column":63}},"31":{"start":{"line":92,"column":2},"end":{"line":92,"column":63}},"32":{"start":{"line":93,"column":2},"end":{"line":96,"column":4}},"33":{"start":{"line":109,"column":2},"end":{"line":114,"column":6}},"34":{"start":{"line":109,"column":30},"end":{"line":114,"column":3}}},"fnMap":{"0":{"name":"parse","decl":{"start":{"line":23,"column":15},"end":{"line":23,"column":20}},"loc":{"start":{"line":23,"column":132},"end":{"line":40,"column":1}},"line":23},"1":{"name":"getMimeTypes","decl":{"start":{"line":45,"column":9},"end":{"line":45,"column":21}},"loc":{"start":{"line":45,"column":24},"end":{"line":59,"column":1}},"line":45},"2":{"name":"(anonymous_2)","decl":{"start":{"line":51,"column":74},"end":{"line":51,"column":75}},"loc":{"start":{"line":51,"column":85},"end":{"line":57,"column":3}},"line":51},"3":{"name":"getValidator","decl":{"start":{"line":68,"column":9},"end":{"line":68,"column":21}},"loc":{"start":{"line":68,"column":31},"end":{"line":76,"column":1}},"line":68},"4":{"name":"preparePayloadSchema","decl":{"start":{"line":87,"column":9},"end":{"line":87,"column":29}},"loc":{"start":{"line":87,"column":55},"end":{"line":97,"column":1}},"line":87},"5":{"name":"addFullPathToDataPath","decl":{"start":{"line":108,"column":9},"end":{"line":108,"column":30}},"loc":{"start":{"line":108,"column":45},"end":{"line":115,"column":1}},"line":108},"6":{"name":"(anonymous_6)","decl":{"start":{"line":109,"column":20},"end":{"line":109,"column":21}},"loc":{"start":{"line":109,"column":30},"end":{"line":114,"column":3}},"line":109}},"branchMap":{"0":{"loc":{"start":{"line":25,"column":2},"end":{"line":25,"column":23}},"type":"if","locations":[{"start":{"line":25,"column":2},"end":{"line":25,"column":23}},{"start":{"line":25,"column":2},"end":{"line":25,"column":23}}],"line":25},"1":{"loc":{"start":{"line":27,"column":47},"end":{"line":27,"column":90}},"type":"binary-expr","locations":[{"start":{"line":27,"column":47},"end":{"line":27,"column":67}},{"start":{"line":27,"column":71},"end":{"line":27,"column":90}}],"line":27},"2":{"loc":{"start":{"line":32,"column":17},"end":{"line":32,"column":56}},"type":"binary-expr","locations":[{"start":{"line":32,"column":17},"end":{"line":32,"column":32}},{"start":{"line":32,"column":36},"end":{"line":32,"column":56}}],"line":32},"3":{"loc":{"start":{"line":34,"column":2},"end":{"line":39,"column":5}},"type":"if","locations":[{"start":{"line":34,"column":2},"end":{"line":39,"column":5}},{"start":{"line":34,"column":2},"end":{"line":39,"column":5}}],"line":34},"4":{"loc":{"start":{"line":70,"column":2},"end":{"line":74,"column":3}},"type":"if","locations":[{"start":{"line":70,"column":2},"end":{"line":74,"column":3}},{"start":{"line":70,"column":2},"end":{"line":74,"column":3}}],"line":70}},"s":{"0":1,"1":1,"2":1,"3":1,"4":1,"5":1,"6":1,"7":1,"8":43,"9":43,"10":3,"11":40,"12":40,"13":40,"14":40,"15":40,"16":40,"17":2,"18":1,"19":1,"20":7,"21":1,"22":40,"23":40,"24":3,"25":3,"26":3,"27":40,"28":3,"29":3,"30":3,"31":3,"32":3,"33":2,"34":8},"f":{"0":43,"1":1,"2":7,"3":40,"4":3,"5":2,"6":8},"b":{"0":[3,40],"1":[40,40],"2":[40,2],"3":[2,38],"4":[3,37]},"_coverageSchema":"1a1c01bbd47fc00a2c39e90264f33305004495a9","hash":"fc1a01ea48d3a0cdffcd419811cf4d30f3a80a9d","contentHash":"23110304b34daa32ed966f3c15eb13c9ce4d6e6ece65544e1f8ec525fea82911"}}